::1 - - [01/Aug/2025:17:48:42 +0700] "GET /phpmyadmin HTTP/1.1" 404 196
::1 - - [01/Aug/2025:17:48:45 +0700] "GET / HTTP/1.1" 200 46
::1 - - [01/Aug/2025:17:50:05 +0700] "GET /phpmyadmin HTTP/1.1" 404 196
::1 - - [01/Aug/2025:17:51:05 +0700] "-" 408 -
::1 - - [01/Aug/2025:17:53:03 +0700] "GET /phpmyadmin HTTP/1.1" 404 196
::1 - - [01/Aug/2025:17:54:03 +0700] "-" 408 -
::1 - - [01/Aug/2025:17:56:50 +0700] "GET / HTTP/1.1" 200 1096
::1 - - [01/Aug/2025:17:57:45 +0700] "GET /database HTTP/1.1" 301 234
::1 - - [01/Aug/2025:17:57:45 +0700] "GET /database/ HTTP/1.1" 200 264
::1 - - [01/Aug/2025:17:57:51 +0700] "GET /database/index.php HTTP/1.1" 200 406648
::1 - - [01/Aug/2025:17:57:57 +0700] "GET /database/index.php HTTP/1.1" 304 -
::1 - - [01/Aug/2025:17:58:01 +0700] "GET /database/ HTTP/1.1" 200 264
::1 - - [01/Aug/2025:17:58:05 +0700] "GET / HTTP/1.1" 200 1071
::1 - - [01/Aug/2025:17:58:21 +0700] "GET /database/ HTTP/1.1" 200 264
::1 - - [01/Aug/2025:17:59:21 +0700] "-" 408 -
::1 - - [01/Aug/2025:18:07:38 +0700] "GET /database/index.php HTTP/1.1" 304 -
::1 - - [01/Aug/2025:18:08:38 +0700] "-" 408 -
::1 - - [01/Aug/2025:18:31:11 +0700] "GET / HTTP/1.1" 200 1071
::1 - - [01/Aug/2025:18:31:14 +0700] "GET /database/ HTTP/1.1" 200 264
::1 - - [01/Aug/2025:18:31:17 +0700] "GET /database/index.php HTTP/1.1" 403 199
::1 - - [01/Aug/2025:18:32:11 +0700] "-" 408 -
::1 - - [01/Aug/2025:18:32:50 +0700] "GET /database/index.php HTTP/1.1" 403 199
::1 - - [01/Aug/2025:18:32:51 +0700] "GET /database/index.php HTTP/1.1" 403 199
::1 - - [01/Aug/2025:18:32:52 +0700] "GET /database/index.php HTTP/1.1" 403 199
::1 - - [01/Aug/2025:18:32:52 +0700] "GET /database/index.php HTTP/1.1" 403 199
::1 - - [01/Aug/2025:18:33:13 +0700] "GET /database/index.php HTTP/1.1" 403 199
::1 - - [01/Aug/2025:18:33:15 +0700] "GET /database/index.php HTTP/1.1" 403 199
::1 - - [01/Aug/2025:18:34:13 +0700] "-" 408 -
