[Fri Aug 01 21:32:46.651402 2025] [fcgid:warn] [pid 17680:tid 1240] [client ::1:64880] mod_fcgid: stderr: PHP Warning:  File upload error - unable to create a temporary file in Unknown on line 0, referer: http://localhost/phpmyadmin/index.php?route=/server/databases
[Fri Aug 01 23:48:48.747425 2025] [fcgid:warn] [pid 26600:tid 1240] [client ::1:58088] mod_fcgid: stderr: PHP Warning:  File upload error - unable to create a temporary file in Unknown on line 0, referer: http://localhost/phpmyadmin/index.php?route=/server/databases
[Sat Aug 02 11:22:25.459235 2025] [fcgid:warn] [pid 21612:tid 1248] [client ::1:58476] mod_fcgid: HTTP request length 137152 (so far) exceeds MaxRequestLen (131072), referer: http://localhost/database/?username=root&db=lrv_jogjaclan&import=
[Sat Aug 02 12:13:56.634798 2025] [fcgid:warn] [pid 21612:tid 1256] [client ::1:64292] mod_fcgid: stderr: PHP Warning:  include(adminer.php): Failed to open stream: No such file or directory in D:\\server\\www\\database\\adminer-custom.php on line 11
[Sat Aug 02 12:13:56.634798 2025] [fcgid:warn] [pid 21612:tid 1256] [client ::1:64292] mod_fcgid: stderr: PHP Warning:  include(): Failed opening 'adminer.php' for inclusion (include_path='.;C:\\php\\pear') in D:\\server\\www\\database\\adminer-custom.php on line 11
[Sat Aug 02 12:14:18.731793 2025] [fcgid:warn] [pid 21612:tid 1248] [client ::1:64447] mod_fcgid: stderr: PHP Fatal error:  Uncaught Error: Call to undefined method AdminerPlugin::csp() in D:\\server\\www\\database\\adminer.php:1348
[Sat Aug 02 12:14:18.731793 2025] [fcgid:warn] [pid 21612:tid 1248] [client ::1:64447] mod_fcgid: stderr: Stack trace:
[Sat Aug 02 12:14:18.731793 2025] [fcgid:warn] [pid 21612:tid 1248] [client ::1:64447] mod_fcgid: stderr: #0 D:\\server\\www\\database\\adminer.php(1324): Adminer\\page_headers()
[Sat Aug 02 12:14:18.731793 2025] [fcgid:warn] [pid 21612:tid 1248] [client ::1:64447] mod_fcgid: stderr: #1 D:\\server\\www\\database\\adminer.php(1380): Adminer\\page_header('Masuk', '', NULL)
[Sat Aug 02 12:14:18.731793 2025] [fcgid:warn] [pid 21612:tid 1248] [client ::1:64447] mod_fcgid: stderr: #2 D:\\server\\www\\database\\adminer.php(1381): Adminer\\auth_error('', Array)
[Sat Aug 02 12:14:18.731793 2025] [fcgid:warn] [pid 21612:tid 1248] [client ::1:64447] mod_fcgid: stderr: #3 D:\\server\\www\\database\\adminer-custom.php(11): include('D:\\\\server\\\\www\\\\d...')
[Sat Aug 02 12:14:18.731793 2025] [fcgid:warn] [pid 21612:tid 1248] [client ::1:64447] mod_fcgid: stderr: #4 {main}
[Sat Aug 02 12:14:18.731793 2025] [fcgid:warn] [pid 21612:tid 1248] [client ::1:64447] mod_fcgid: stderr:   thrown in D:\\server\\www\\database\\adminer.php on line 1348
[Sat Aug 02 12:16:33.948635 2025] [fcgid:warn] [pid 21612:tid 1256] [client ::1:50584] mod_fcgid: stderr: PHP Warning:  include_once(plugin.php): Failed to open stream: No such file or directory in D:\\server\\www\\database\\adminer-custom.php on line 3
[Sat Aug 02 12:16:33.948635 2025] [fcgid:warn] [pid 21612:tid 1256] [client ::1:50584] mod_fcgid: stderr: PHP Warning:  include_once(): Failed opening 'plugin.php' for inclusion (include_path='.;C:\\php\\pear') in D:\\server\\www\\database\\adminer-custom.php on line 3
[Sat Aug 02 12:16:33.948635 2025] [fcgid:warn] [pid 21612:tid 1256] [client ::1:50584] mod_fcgid: stderr: PHP Fatal error:  Uncaught Error: Class "AdminerPlugin" not found in D:\\server\\www\\database\\adminer-custom.php:6
[Sat Aug 02 12:16:33.948635 2025] [fcgid:warn] [pid 21612:tid 1256] [client ::1:50584] mod_fcgid: stderr: Stack trace:
[Sat Aug 02 12:16:33.948635 2025] [fcgid:warn] [pid 21612:tid 1256] [client ::1:50584] mod_fcgid: stderr: #0 D:\\server\\www\\database\\adminer.php(1151): adminer_object()
[Sat Aug 02 12:16:33.948635 2025] [fcgid:warn] [pid 21612:tid 1256] [client ::1:50584] mod_fcgid: stderr: #1 D:\\server\\www\\database\\adminer-custom.php(11): include('D:\\\\server\\\\www\\\\d...')
[Sat Aug 02 12:16:33.948635 2025] [fcgid:warn] [pid 21612:tid 1256] [client ::1:50584] mod_fcgid: stderr: #2 {main}
[Sat Aug 02 12:16:33.948635 2025] [fcgid:warn] [pid 21612:tid 1256] [client ::1:50584] mod_fcgid: stderr:   thrown in D:\\server\\www\\database\\adminer-custom.php on line 6
[Sat Aug 02 12:17:07.101814 2025] [fcgid:warn] [pid 21612:tid 1244] [client ::1:50849] mod_fcgid: stderr: PHP Fatal error:  Uncaught Error: Class "Adminer\\Plugin" not found in D:\\server\\www\\database\\config.php:9, referer: http://localhost/database/
[Sat Aug 02 12:17:07.101814 2025] [fcgid:warn] [pid 21612:tid 1244] [client ::1:50849] mod_fcgid: stderr: Stack trace:, referer: http://localhost/database/
[Sat Aug 02 12:17:07.101814 2025] [fcgid:warn] [pid 21612:tid 1244] [client ::1:50849] mod_fcgid: stderr: #0 {main}, referer: http://localhost/database/
[Sat Aug 02 12:17:07.101814 2025] [fcgid:warn] [pid 21612:tid 1244] [client ::1:50849] mod_fcgid: stderr:   thrown in D:\\server\\www\\database\\config.php on line 9, referer: http://localhost/database/
[Sat Aug 02 12:17:17.806372 2025] [fcgid:warn] [pid 21612:tid 1256] [client ::1:50969] mod_fcgid: stderr: PHP Fatal error:  Uncaught Error: Class "Adminer\\Plugin" not found in D:\\server\\www\\database\\foreign-system.php:9, referer: http://localhost/database/
[Sat Aug 02 12:17:17.806372 2025] [fcgid:warn] [pid 21612:tid 1256] [client ::1:50969] mod_fcgid: stderr: Stack trace:, referer: http://localhost/database/
[Sat Aug 02 12:17:17.806372 2025] [fcgid:warn] [pid 21612:tid 1256] [client ::1:50969] mod_fcgid: stderr: #0 {main}, referer: http://localhost/database/
[Sat Aug 02 12:17:17.806372 2025] [fcgid:warn] [pid 21612:tid 1256] [client ::1:50969] mod_fcgid: stderr:   thrown in D:\\server\\www\\database\\foreign-system.php on line 9, referer: http://localhost/database/
[Sat Aug 02 12:22:37.380769 2025] [fcgid:warn] [pid 21612:tid 1224] [client ::1:54958] mod_fcgid: stderr: PHP Warning:  Trying to access array offset on null in D:\\server\\www\\database\\adminer\\compile.php on line 238, referer: http://localhost/database/adminer/
[Sat Aug 02 12:22:37.380769 2025] [fcgid:warn] [pid 21612:tid 1224] [client ::1:54958] mod_fcgid: stderr: PHP Warning:  Trying to access array offset on null in D:\\server\\www\\database\\adminer\\compile.php on line 244, referer: http://localhost/database/adminer/
[Sat Aug 02 12:22:37.380769 2025] [fcgid:warn] [pid 21612:tid 1224] [client ::1:54958] mod_fcgid: stderr: PHP Warning:  Trying to access array offset on null in D:\\server\\www\\database\\adminer\\compile.php on line 246, referer: http://localhost/database/adminer/
[Sat Aug 02 12:22:37.380769 2025] [fcgid:warn] [pid 21612:tid 1224] [client ::1:54958] mod_fcgid: stderr: PHP Warning:  Trying to access array offset on null in D:\\server\\www\\database\\adminer\\compile.php on line 254, referer: http://localhost/database/adminer/
[Sat Aug 02 12:22:37.380769 2025] [fcgid:warn] [pid 21612:tid 1224] [client ::1:54958] mod_fcgid: stderr: PHP Warning:  Trying to access array offset on null in D:\\server\\www\\database\\adminer\\compile.php on line 262, referer: http://localhost/database/adminer/
[Sat Aug 02 12:22:58.148860 2025] [fcgid:warn] [pid 21612:tid 1256] [client ::1:55049] mod_fcgid: stderr: PHP Warning:  Trying to access array offset on null in D:\\server\\www\\database\\adminer\\lang.php on line 6, referer: http://localhost/database/adminer/
[Sat Aug 02 12:22:58.319143 2025] [fcgid:warn] [pid 21612:tid 1224] [client ::1:55161] mod_fcgid: stderr: PHP Fatal error:  Uncaught Error: Class "Adminer\\Plugin" not found in D:\\server\\www\\database\\adminer\\plugins\\designs.php:9, referer: http://localhost/database/adminer/plugins/
[Sat Aug 02 12:22:58.319143 2025] [fcgid:warn] [pid 21612:tid 1224] [client ::1:55161] mod_fcgid: stderr: Stack trace:, referer: http://localhost/database/adminer/plugins/
[Sat Aug 02 12:22:58.319143 2025] [fcgid:warn] [pid 21612:tid 1224] [client ::1:55161] mod_fcgid: stderr: #0 {main}, referer: http://localhost/database/adminer/plugins/
[Sat Aug 02 12:22:58.319143 2025] [fcgid:warn] [pid 21612:tid 1224] [client ::1:55161] mod_fcgid: stderr:   thrown in D:\\server\\www\\database\\adminer\\plugins\\designs.php on line 9, referer: http://localhost/database/adminer/plugins/
[Sat Aug 02 12:29:01.875256 2025] [fcgid:warn] [pid 21612:tid 1256] [client ::1:59896] mod_fcgid: stderr: PHP Fatal error:  Uncaught Error: Class "Adminer\\Plugin" not found in D:\\server\\www\\database\\adminer\\plugins\\adminer.js.php:11, referer: http://localhost/database/adminer/plugins/
[Sat Aug 02 12:29:01.875256 2025] [fcgid:warn] [pid 21612:tid 1256] [client ::1:59896] mod_fcgid: stderr: Stack trace:, referer: http://localhost/database/adminer/plugins/
[Sat Aug 02 12:29:01.875256 2025] [fcgid:warn] [pid 21612:tid 1256] [client ::1:59896] mod_fcgid: stderr: #0 {main}, referer: http://localhost/database/adminer/plugins/
[Sat Aug 02 12:29:01.875256 2025] [fcgid:warn] [pid 21612:tid 1256] [client ::1:59896] mod_fcgid: stderr:   thrown in D:\\server\\www\\database\\adminer\\plugins\\adminer.js.php on line 11, referer: http://localhost/database/adminer/plugins/
[Sat Aug 02 12:29:04.186077 2025] [fcgid:warn] [pid 21612:tid 1256] [client ::1:59896] mod_fcgid: stderr: PHP Fatal error:  Uncaught Error: Class "Adminer\\Plugin" not found in D:\\server\\www\\database\\adminer\\plugins\\backward-keys.php:9, referer: http://localhost/database/adminer/plugins/
[Sat Aug 02 12:29:04.186077 2025] [fcgid:warn] [pid 21612:tid 1256] [client ::1:59896] mod_fcgid: stderr: Stack trace:, referer: http://localhost/database/adminer/plugins/
[Sat Aug 02 12:29:04.186077 2025] [fcgid:warn] [pid 21612:tid 1256] [client ::1:59896] mod_fcgid: stderr: #0 {main}, referer: http://localhost/database/adminer/plugins/
[Sat Aug 02 12:29:04.186077 2025] [fcgid:warn] [pid 21612:tid 1256] [client ::1:59896] mod_fcgid: stderr:   thrown in D:\\server\\www\\database\\adminer\\plugins\\backward-keys.php on line 9, referer: http://localhost/database/adminer/plugins/
[Sat Aug 02 12:29:06.001449 2025] [fcgid:warn] [pid 21612:tid 1256] [client ::1:59896] mod_fcgid: stderr: PHP Fatal error:  Uncaught Error: Class "Adminer\\Plugin" not found in D:\\server\\www\\database\\adminer\\plugins\\before-unload.php:9, referer: http://localhost/database/adminer/plugins/
[Sat Aug 02 12:29:06.001449 2025] [fcgid:warn] [pid 21612:tid 1256] [client ::1:59896] mod_fcgid: stderr: Stack trace:, referer: http://localhost/database/adminer/plugins/
[Sat Aug 02 12:29:06.001449 2025] [fcgid:warn] [pid 21612:tid 1256] [client ::1:59896] mod_fcgid: stderr: #0 {main}, referer: http://localhost/database/adminer/plugins/
[Sat Aug 02 12:29:06.001449 2025] [fcgid:warn] [pid 21612:tid 1256] [client ::1:59896] mod_fcgid: stderr:   thrown in D:\\server\\www\\database\\adminer\\plugins\\before-unload.php on line 9, referer: http://localhost/database/adminer/plugins/
[Sat Aug 02 12:29:07.569732 2025] [fcgid:warn] [pid 21612:tid 1256] [client ::1:59896] mod_fcgid: stderr: PHP Fatal error:  Uncaught Error: Class "Adminer\\Plugin" not found in D:\\server\\www\\database\\adminer\\plugins\\config.php:9, referer: http://localhost/database/adminer/plugins/
[Sat Aug 02 12:29:07.569732 2025] [fcgid:warn] [pid 21612:tid 1256] [client ::1:59896] mod_fcgid: stderr: Stack trace:, referer: http://localhost/database/adminer/plugins/
[Sat Aug 02 12:29:07.569732 2025] [fcgid:warn] [pid 21612:tid 1256] [client ::1:59896] mod_fcgid: stderr: #0 {main}, referer: http://localhost/database/adminer/plugins/
[Sat Aug 02 12:29:07.569732 2025] [fcgid:warn] [pid 21612:tid 1256] [client ::1:59896] mod_fcgid: stderr:   thrown in D:\\server\\www\\database\\adminer\\plugins\\config.php on line 9, referer: http://localhost/database/adminer/plugins/
[Sat Aug 02 12:29:14.490694 2025] [fcgid:warn] [pid 21612:tid 1256] [client ::1:59896] mod_fcgid: stderr: PHP Fatal error:  Uncaught Error: Class "Adminer\\Plugin" not found in D:\\server\\www\\database\\adminer\\plugins\\editor-views.php:9, referer: http://localhost/database/adminer/plugins/
[Sat Aug 02 12:29:14.490694 2025] [fcgid:warn] [pid 21612:tid 1256] [client ::1:59896] mod_fcgid: stderr: Stack trace:, referer: http://localhost/database/adminer/plugins/
[Sat Aug 02 12:29:14.490694 2025] [fcgid:warn] [pid 21612:tid 1256] [client ::1:59896] mod_fcgid: stderr: #0 {main}, referer: http://localhost/database/adminer/plugins/
[Sat Aug 02 12:29:14.490694 2025] [fcgid:warn] [pid 21612:tid 1256] [client ::1:59896] mod_fcgid: stderr:   thrown in D:\\server\\www\\database\\adminer\\plugins\\editor-views.php on line 9, referer: http://localhost/database/adminer/plugins/
[Sat Aug 02 12:30:31.816511 2025] [fcgid:warn] [pid 21612:tid 1256] [client ::1:60912] mod_fcgid: stderr: PHP Warning:  Trying to access array offset on null in D:\\server\\www\\database\\adminer\\lang.php on line 6, referer: http://localhost/database/adminer/
