::1 - - [01/Aug/2025:18:35:38 +0700] "GET /database/index.php HTTP/1.1" 200 6830
::1 - - [01/Aug/2025:18:35:38 +0700] "GET /database/index.php?file=default.css&version=5.3.0 HTTP/1.1" 200 2965
::1 - - [01/Aug/2025:18:35:38 +0700] "GET /database/index.php?file=dark.css&version=5.3.0 HTTP/1.1" 200 757
::1 - - [01/Aug/2025:18:35:38 +0700] "GET /database/index.php?file=functions.js&version=5.3.0 HTTP/1.1" 200 8592
::1 - - [01/Aug/2025:18:35:38 +0700] "GET /database/index.php?file=logo.png&version=5.3.0 HTTP/1.1" 200 610
::1 - - [01/Aug/2025:18:35:41 +0700] "POST /database/index.php?script=version HTTP/1.1" 200 -
::1 - - [01/Aug/2025:18:35:45 +0700] "GET /database/index.php HTTP/1.1" 200 6759
::1 - - [01/Aug/2025:18:35:47 +0700] "GET /database/index.php HTTP/1.1" 200 6759
::1 - - [01/Aug/2025:18:35:48 +0700] "GET /database/index.php HTTP/1.1" 200 6758
::1 - - [01/Aug/2025:18:35:48 +0700] "GET /database/index.php HTTP/1.1" 200 6759
::1 - - [01/Aug/2025:18:35:48 +0700] "GET /database/index.php HTTP/1.1" 200 6759
::1 - - [01/Aug/2025:18:35:48 +0700] "GET /database/index.php HTTP/1.1" 200 6759
::1 - - [01/Aug/2025:18:35:50 +0700] "GET /database/index.php HTTP/1.1" 200 6758
::1 - - [01/Aug/2025:18:36:45 +0700] "-" 408 -
::1 - - [01/Aug/2025:18:45:20 +0700] "GET /database/index.php HTTP/1.1" 200 6759
::1 - - [01/Aug/2025:18:45:25 +0700] "POST /database/index.php HTTP/1.1" 200 745
::1 - - [01/Aug/2025:18:45:29 +0700] "POST /database/index.php HTTP/1.1" 200 745
::1 - - [01/Aug/2025:18:46:25 +0700] "-" 408 -
::1 - - [01/Aug/2025:18:48:46 +0700] "POST /database/index.php HTTP/1.1" 200 745
::1 - - [01/Aug/2025:18:50:41 +0700] "GET / HTTP/1.1" 200 1071
::1 - - [01/Aug/2025:18:50:45 +0700] "GET /database/ HTTP/1.1" 200 6714
::1 - - [01/Aug/2025:18:50:46 +0700] "GET /database/?file=default.css&version=5.3.0 HTTP/1.1" 200 2965
::1 - - [01/Aug/2025:18:50:46 +0700] "GET /database/?file=logo.png&version=5.3.0 HTTP/1.1" 200 610
::1 - - [01/Aug/2025:18:50:46 +0700] "GET /database/?file=dark.css&version=5.3.0 HTTP/1.1" 200 757
::1 - - [01/Aug/2025:18:50:46 +0700] "GET /database/?file=functions.js&version=5.3.0 HTTP/1.1" 200 8592
::1 - - [01/Aug/2025:18:51:32 +0700] "GET /database/ HTTP/1.1" 200 6714
::1 - - [01/Aug/2025:18:51:48 +0700] "GET /database/ HTTP/1.1" 200 220
::1 - - [01/Aug/2025:18:52:48 +0700] "-" 408 -
::1 - - [01/Aug/2025:18:57:36 +0700] "GET /phpmyadmin HTTP/1.1" 301 236
::1 - - [01/Aug/2025:18:57:36 +0700] "GET /phpmyadmin/ HTTP/1.1" 200 1279
::1 - - [01/Aug/2025:18:57:38 +0700] "GET /phpmyadmin/ HTTP/1.1" 200 1279
::1 - - [01/Aug/2025:18:57:48 +0700] "GET / HTTP/1.1" 304 -
::1 - - [01/Aug/2025:18:58:48 +0700] "-" 408 -
::1 - - [01/Aug/2025:18:59:43 +0700] "GET /phpmyadmin/ HTTP/1.1" 200 1279
::1 - - [01/Aug/2025:19:00:34 +0700] "GET /phpmyadmin/ HTTP/1.1" 200 1279
::1 - - [01/Aug/2025:19:01:34 +0700] "-" 408 -
::1 - - [01/Aug/2025:19:03:27 +0700] "GET /phpmyadmin/ HTTP/1.1" 200 1279
::1 - - [01/Aug/2025:19:05:24 +0700] "-" 408 -
::1 - - [01/Aug/2025:19:05:32 +0700] "GET /phpmyadmin HTTP/1.1" 301 236
::1 - - [01/Aug/2025:19:05:32 +0700] "GET /phpmyadmin/ HTTP/1.1" 200 1279
::1 - - [01/Aug/2025:19:05:35 +0700] "GET /phpmyadmin/ HTTP/1.1" 200 1279
::1 - - [01/Aug/2025:19:06:32 +0700] "-" 408 -
::1 - - [01/Aug/2025:19:39:03 +0700] "GET /phpmyadmin/ HTTP/1.1" 200 1279
::1 - - [01/Aug/2025:19:40:03 +0700] "-" 408 -
::1 - - [01/Aug/2025:19:57:32 +0700] "GET /phpmyadmin/ HTTP/1.1" 200 1279
::1 - - [01/Aug/2025:19:58:32 +0700] "-" 408 -
::1 - - [01/Aug/2025:20:18:56 +0700] "GET /phpmyadmin/ HTTP/1.1" 200 1279
::1 - - [01/Aug/2025:20:32:09 +0700] "GET /phpmyadmin/ HTTP/1.1" 200 1251
::1 - - [01/Aug/2025:20:33:09 +0700] "-" 408 -
::1 - - [01/Aug/2025:20:34:51 +0700] "GET / HTTP/1.1" 304 -
::1 - - [01/Aug/2025:20:35:50 +0700] "GET /phpmyadmin/url.php?url=https%3A%2F%2Fwww.php.net%2Fmanual%2Fen%2Fbook.mysqli.php HTTP/1.1" 200 1251
::1 - - [01/Aug/2025:20:36:50 +0700] "-" 408 -
::1 - - [01/Aug/2025:20:37:42 +0700] "GET /phpmyadmin/ HTTP/1.1" 200 3339
::1 - - [01/Aug/2025:20:37:44 +0700] "GET /phpmyadmin/js/messages.php?l=en&v=5.2.2&lang=en HTTP/1.1" 200 7946
::1 - - [01/Aug/2025:20:37:46 +0700] "POST /phpmyadmin/index.php?route=/ HTTP/1.1" 200 3358
::1 - - [01/Aug/2025:20:37:46 +0700] "GET /phpmyadmin/js/messages.php?l=en&v=5.2.2 HTTP/1.1" 200 7946
::1 - - [01/Aug/2025:20:37:46 +0700] "GET /phpmyadmin/themes/pmahomme/img/s_error.png HTTP/1.1" 200 614
::1 - - [01/Aug/2025:20:37:50 +0700] "GET /phpmyadmin/url.php?url=https%3A%2F%2Fwww.php.net%2Fmanual%2Fen%2Fbook.mysqli.php HTTP/1.1" 200 165
::1 - - [01/Aug/2025:20:38:42 +0700] "-" 408 -
::1 - - [01/Aug/2025:20:53:23 +0700] "GET /phpmyadmin/index.php?route=/ HTTP/1.1" 200 3322
::1 - - [01/Aug/2025:20:53:31 +0700] "POST /phpmyadmin/index.php?route=/ HTTP/1.1" 302 20
::1 - - [01/Aug/2025:20:53:32 +0700] "GET /phpmyadmin/index.php?route=/ HTTP/1.1" 200 15972
::1 - - [01/Aug/2025:20:53:37 +0700] "POST /phpmyadmin/index.php?route=/config/get HTTP/1.1" 200 1494
::1 - - [01/Aug/2025:20:53:37 +0700] "POST /phpmyadmin/index.php?route=/config/get HTTP/1.1" 200 1585
::1 - - [01/Aug/2025:20:53:37 +0700] "POST /phpmyadmin/index.php?route=/version-check HTTP/1.1" 200 28
::1 - - [01/Aug/2025:20:53:39 +0700] "POST /phpmyadmin/index.php?route=/config/set HTTP/1.1" 200 1485
::1 - - [01/Aug/2025:20:53:37 +0700] "POST /phpmyadmin/index.php?route=/navigation&ajax_request=1 HTTP/1.1" 200 2185
::1 - - [01/Aug/2025:21:13:47 +0700] "GET /phpmyadmin/ HTTP/1.1" 200 3340
::1 - - [01/Aug/2025:21:13:57 +0700] "POST /phpmyadmin/index.php?route=/ HTTP/1.1" 302 20
::1 - - [01/Aug/2025:21:13:57 +0700] "GET /phpmyadmin/index.php?route=/ HTTP/1.1" 200 15974
::1 - - [01/Aug/2025:21:13:58 +0700] "POST /phpmyadmin/index.php?route=/config/get HTTP/1.1" 200 1495
::1 - - [01/Aug/2025:21:13:58 +0700] "POST /phpmyadmin/index.php?route=/navigation&ajax_request=1 HTTP/1.1" 200 2186
::1 - - [01/Aug/2025:21:13:58 +0700] "POST /phpmyadmin/index.php?route=/version-check HTTP/1.1" 200 28
::1 - - [01/Aug/2025:21:13:58 +0700] "POST /phpmyadmin/index.php?route=/config/get HTTP/1.1" 200 1586
::1 - - [01/Aug/2025:21:13:59 +0700] "POST /phpmyadmin/index.php?route=/config/set HTTP/1.1" 200 1486
::1 - - [01/Aug/2025:21:15:12 +0700] "GET /phpmyadmin/index.php?route=/ HTTP/1.1" 200 15974
::1 - - [01/Aug/2025:21:15:13 +0700] "POST /phpmyadmin/index.php?route=/config/get HTTP/1.1" 200 1495
::1 - - [01/Aug/2025:21:15:13 +0700] "POST /phpmyadmin/index.php?route=/navigation&ajax_request=1 HTTP/1.1" 200 2186
::1 - - [01/Aug/2025:21:15:13 +0700] "POST /phpmyadmin/index.php?route=/config/get HTTP/1.1" 200 1585
::1 - - [01/Aug/2025:21:15:13 +0700] "POST /phpmyadmin/index.php?route=/config/set HTTP/1.1" 200 1486
::1 - - [01/Aug/2025:21:15:13 +0700] "POST /phpmyadmin/index.php?route=/version-check HTTP/1.1" 200 28
::1 - - [01/Aug/2025:21:15:25 +0700] "GET /phpmyadmin/themes/pmahomme/img/s_unlink.png HTTP/1.1" 200 589
::1 - - [01/Aug/2025:21:17:46 +0700] "GET /phpmyadmin/index.php?route=/ HTTP/1.1" 200 3314
::1 - - [01/Aug/2025:21:18:48 +0700] "GET /phpmyadmin/ HTTP/1.1" 200 3313
::1 - - [01/Aug/2025:21:18:56 +0700] "POST /phpmyadmin/index.php?route=/ HTTP/1.1" 302 20
::1 - - [01/Aug/2025:21:18:56 +0700] "GET /phpmyadmin/index.php?route=/ HTTP/1.1" 200 15726
::1 - - [01/Aug/2025:21:18:57 +0700] "POST /phpmyadmin/index.php?route=/config/get HTTP/1.1" 200 1493
::1 - - [01/Aug/2025:21:18:57 +0700] "POST /phpmyadmin/index.php?route=/config/get HTTP/1.1" 200 1585
::1 - - [01/Aug/2025:21:18:57 +0700] "POST /phpmyadmin/index.php?route=/navigation&ajax_request=1 HTTP/1.1" 200 2183
::1 - - [01/Aug/2025:21:18:57 +0700] "POST /phpmyadmin/index.php?route=/version-check HTTP/1.1" 200 28
::1 - - [01/Aug/2025:21:18:58 +0700] "POST /phpmyadmin/index.php?route=/config/set HTTP/1.1" 200 1484
::1 - - [01/Aug/2025:21:20:21 +0700] "GET /phpmyadmin/index.php?route=/server/databases&ajax_request=true&ajax_page_request=true&_nocache=1754058021101855455&token=6b3667433f70617e46313d7233425433 HTTP/1.1" 200 7538
::1 - - [01/Aug/2025:21:20:12 +0700] "GET /phpmyadmin/index.php?route=/server/databases&ajax_request=true&ajax_page_request=true&_nocache=1754058012095760927&token=6b3667433f70617e46313d7233425433 HTTP/1.1" 200 7538
::1 - - [01/Aug/2025:21:20:40 +0700] "GET /phpmyadmin/index.php?route=/database/structure&db=mysql&ajax_request=true&ajax_page_request=true&_nocache=1754058040476922608&token=6b3667433f70617e46313d7233425433 HTTP/1.1" 200 12989
::1 - - [01/Aug/2025:21:20:42 +0700] "POST /phpmyadmin/index.php?route=/navigation&ajax_request=1 HTTP/1.1" 200 3715
::1 - - [01/Aug/2025:21:20:43 +0700] "POST /phpmyadmin/index.php?route=/navigation&ajax_request=1 HTTP/1.1" 200 3715
::1 - - [01/Aug/2025:21:21:09 +0700] "GET /phpmyadmin/index.php?route=/server/databases&ajax_request=true&ajax_page_request=true&_nocache=1754058069008479103&token=6b3667433f70617e46313d7233425433 HTTP/1.1" 200 7538
::1 - - [01/Aug/2025:21:21:14 +0700] "POST /phpmyadmin/index.php?route=/server/databases/create HTTP/1.1" 200 1893
::1 - - [01/Aug/2025:21:21:14 +0700] "POST /phpmyadmin/index.php?route=/navigation&ajax_request=1 HTTP/1.1" 200 2224
::1 - - [01/Aug/2025:21:21:14 +0700] "GET /phpmyadmin/index.php?route=/database/structure&db=latihan&ajax_request=true&ajax_page_request=true&_nocache=1754058074829439935&token=6b3667433f70617e46313d7233425433 HTTP/1.1" 200 3142
::1 - - [01/Aug/2025:21:21:15 +0700] "POST /phpmyadmin/index.php?route=/navigation&ajax_request=1 HTTP/1.1" 200 1511
::1 - - [01/Aug/2025:21:21:19 +0700] "GET /phpmyadmin/index.php?route=/server/databases HTTP/1.1" 200 15829
::1 - - [01/Aug/2025:21:21:20 +0700] "POST /phpmyadmin/index.php?route=/config/get HTTP/1.1" 200 1493
::1 - - [01/Aug/2025:21:21:20 +0700] "POST /phpmyadmin/index.php?route=/config/get HTTP/1.1" 200 1584
::1 - - [01/Aug/2025:21:21:20 +0700] "POST /phpmyadmin/index.php?route=/navigation&ajax_request=1 HTTP/1.1" 200 2238
::1 - - [01/Aug/2025:21:21:20 +0700] "POST /phpmyadmin/index.php?route=/config/set HTTP/1.1" 200 1484
::1 - - [01/Aug/2025:21:21:28 +0700] "GET /phpmyadmin/index.php?route=/database/structure&db=latihan&ajax_request=true&ajax_page_request=true&_nocache=1754058088957266314&token=6b3667433f70617e46313d7233425433 HTTP/1.1" 200 3142
::1 - - [01/Aug/2025:21:21:32 +0700] "POST /phpmyadmin/index.php?route=/table/create HTTP/1.1" 200 32489
::1 - - [01/Aug/2025:21:21:34 +0700] "GET /phpmyadmin/index.php?route=/recent-table&ajax_request=1&recent_table=1&no_debug=true&_nocache=1754058094763302464&token=6b3667433f70617e46313d7233425433 HTTP/1.1" 200 1512
::1 - - [01/Aug/2025:21:21:42 +0700] "POST /phpmyadmin/index.php?route=/table/create HTTP/1.1" 200 38512
::1 - - [01/Aug/2025:21:21:57 +0700] "POST /phpmyadmin/index.php?route=/table/indexes HTTP/1.1" 200 2779
::1 - - [01/Aug/2025:21:22:00 +0700] "POST /phpmyadmin/index.php?route=/table/structure/reserved-word-check HTTP/1.1" 200 89
::1 - - [01/Aug/2025:21:22:00 +0700] "POST /phpmyadmin/index.php?route=/table/create HTTP/1.1" 200 1730
::1 - - [01/Aug/2025:21:22:00 +0700] "GET /phpmyadmin/index.php?route=/database/structure&server=1&db=latihan&table=user&ajax_request=true&ajax_page_request=true&_nocache=1754058120801806408&token=6b3667433f70617e46313d7233425433 HTTP/1.1" 200 5366
::1 - - [01/Aug/2025:21:22:00 +0700] "GET /phpmyadmin/index.php?route=/table/structure&server=1&db=latihan&token=6b3667433f70617e46313d7233425433&goto=index.php%3Froute%3D%2Fdatabase%2Fstructure&table=user&ajax_request=true&ajax_page_request=true&_nocache=1754058120804136936&token=6b3667433f70617e46313d7233425433 HTTP/1.1" 200 8779
::1 - - [01/Aug/2025:21:22:02 +0700] "GET /phpmyadmin/themes/pmahomme/img/b_primary.png HTTP/1.1" 200 536
::1 - - [01/Aug/2025:21:22:02 +0700] "GET /phpmyadmin/themes/pmahomme/img/b_index.png HTTP/1.1" 200 643
::1 - - [01/Aug/2025:21:22:02 +0700] "GET /phpmyadmin/themes/pmahomme/img/b_unique.png HTTP/1.1" 200 583
::1 - - [01/Aug/2025:21:22:02 +0700] "GET /phpmyadmin/themes/pmahomme/img/b_spatial.png HTTP/1.1" 200 376
::1 - - [01/Aug/2025:21:22:02 +0700] "GET /phpmyadmin/themes/pmahomme/img/normalize.png HTTP/1.1" 200 505
::1 - - [01/Aug/2025:21:22:02 +0700] "GET /phpmyadmin/themes/pmahomme/img/b_move.png HTTP/1.1" 200 381
::1 - - [01/Aug/2025:21:22:02 +0700] "GET /phpmyadmin/themes/pmahomme/img/b_rename.svg HTTP/1.1" 200 881
::1 - - [01/Aug/2025:21:22:02 +0700] "GET /phpmyadmin/themes/pmahomme/img/b_ftext.png HTTP/1.1" 200 550
::1 - - [01/Aug/2025:21:22:02 +0700] "GET /phpmyadmin/themes/pmahomme/img/b_tbloptimize.png HTTP/1.1" 200 153
::1 - - [01/Aug/2025:21:22:02 +0700] "GET /phpmyadmin/js/dist/table/structure.js?v=5.2.2 HTTP/1.1" 200 16685
::1 - - [01/Aug/2025:21:22:00 +0700] "POST /phpmyadmin/index.php?route=/navigation&ajax_request=1 HTTP/1.1" 200 2470
::1 - - [01/Aug/2025:21:22:01 +0700] "GET /phpmyadmin/index.php?route=/recent-table&ajax_request=1&recent_table=1&no_debug=true&_nocache=1754058121008402957&token=6b3667433f70617e46313d7233425433 HTTP/1.1" 200 1537
::1 - - [01/Aug/2025:21:22:02 +0700] "GET /phpmyadmin/index.php?route=/recent-table&ajax_request=1&recent_table=1&no_debug=true&_nocache=1754058122408225891&token=6b3667433f70617e46313d7233425433 HTTP/1.1" 200 1537
::1 - - [01/Aug/2025:21:22:04 +0700] "GET /phpmyadmin/index.php?route=/&ajax_request=true&ajax_page_request=true&_nocache=1754058124956633493&token=6b3667433f70617e46313d7233425433 HTTP/1.1" 200 7514
::1 - - [01/Aug/2025:21:22:05 +0700] "POST /phpmyadmin/index.php?route=/version-check HTTP/1.1" 200 28
::1 - - [01/Aug/2025:21:22:07 +0700] "POST /phpmyadmin/index.php?route=/themes/set HTTP/1.1" 302 9780
::1 - - [01/Aug/2025:21:22:07 +0700] "GET /phpmyadmin/index.php?route=/ HTTP/1.1" 200 15795
::1 - - [01/Aug/2025:21:22:07 +0700] "GET /phpmyadmin/themes/bootstrap/jquery/jquery-ui.css HTTP/1.1" 200 36566
::1 - - [01/Aug/2025:21:22:07 +0700] "GET /phpmyadmin/themes/bootstrap/img/logo_left.png HTTP/1.1" 200 2713
::1 - - [01/Aug/2025:21:22:07 +0700] "GET /phpmyadmin/themes/bootstrap/css/theme.css?v=5.2.2 HTTP/1.1" 200 397042
::1 - - [01/Aug/2025:21:22:08 +0700] "GET /phpmyadmin/themes/bootstrap/img/home.svg HTTP/1.1" 200 148
::1 - - [01/Aug/2025:21:22:08 +0700] "GET /phpmyadmin/themes/bootstrap/img/sign-out.svg HTTP/1.1" 200 136
::1 - - [01/Aug/2025:21:22:08 +0700] "GET /phpmyadmin/themes/bootstrap/img/help.svg HTTP/1.1" 200 341
::1 - - [01/Aug/2025:21:22:08 +0700] "GET /phpmyadmin/themes/bootstrap/img/manual.svg HTTP/1.1" 200 185
::1 - - [01/Aug/2025:21:22:08 +0700] "GET /phpmyadmin/themes/bootstrap/img/gear.svg HTTP/1.1" 200 448
::1 - - [01/Aug/2025:21:22:08 +0700] "GET /phpmyadmin/themes/bootstrap/img/reload.svg HTTP/1.1" 200 194
::1 - - [01/Aug/2025:21:22:08 +0700] "GET /phpmyadmin/themes/bootstrap/img/s_collapseall.png HTTP/1.1" 200 143
::1 - - [01/Aug/2025:21:22:08 +0700] "GET /phpmyadmin/themes/bootstrap/img/link.svg HTTP/1.1" 200 354
::1 - - [01/Aug/2025:21:22:08 +0700] "GET /phpmyadmin/themes/bootstrap/img/database.svg HTTP/1.1" 200 352
::1 - - [01/Aug/2025:21:22:08 +0700] "GET /phpmyadmin/themes/bootstrap/img/host.svg HTTP/1.1" 200 220
::1 - - [01/Aug/2025:21:22:08 +0700] "GET /phpmyadmin/themes/bootstrap/img/tree-expand.svg HTTP/1.1" 200 127
::1 - - [01/Aug/2025:21:22:08 +0700] "GET /phpmyadmin/themes/bootstrap/img/database-plus.svg HTTP/1.1" 200 523
::1 - - [01/Aug/2025:21:22:08 +0700] "GET /phpmyadmin/themes/bootstrap/img/sql.svg HTTP/1.1" 200 339
::1 - - [01/Aug/2025:21:22:08 +0700] "GET /phpmyadmin/themes/bootstrap/img/export.svg HTTP/1.1" 200 179
::1 - - [01/Aug/2025:21:22:08 +0700] "GET /phpmyadmin/themes/bootstrap/img/server.svg HTTP/1.1" 200 409
::1 - - [01/Aug/2025:21:22:08 +0700] "GET /phpmyadmin/themes/bootstrap/img/preferences.svg HTTP/1.1" 200 219
::1 - - [01/Aug/2025:21:22:08 +0700] "GET /phpmyadmin/themes/bootstrap/img/user-props.svg HTTP/1.1" 200 240
::1 - - [01/Aug/2025:21:22:08 +0700] "GET /phpmyadmin/themes/bootstrap/img/import.svg HTTP/1.1" 200 178
::1 - - [01/Aug/2025:21:22:08 +0700] "GET /phpmyadmin/themes/bootstrap/img/table.svg HTTP/1.1" 200 220
::1 - - [01/Aug/2025:21:22:08 +0700] "GET /phpmyadmin/themes/bootstrap/img/replication.svg HTTP/1.1" 200 349
::1 - - [01/Aug/2025:21:22:08 +0700] "GET /phpmyadmin/themes/bootstrap/img/charset.svg HTTP/1.1" 200 290
::1 - - [01/Aug/2025:21:22:08 +0700] "GET /phpmyadmin/themes/bootstrap/img/database-engine.svg HTTP/1.1" 200 742
::1 - - [01/Aug/2025:21:22:08 +0700] "GET /phpmyadmin/themes/bootstrap/img/plugin.svg HTTP/1.1" 200 313
::1 - - [01/Aug/2025:21:22:08 +0700] "GET /phpmyadmin/themes/bootstrap/img/database-vars.svg HTTP/1.1" 200 405
::1 - - [01/Aug/2025:21:22:08 +0700] "GET /phpmyadmin/themes/bootstrap/img/password.svg HTTP/1.1" 200 342
::1 - - [01/Aug/2025:21:22:08 +0700] "GET /phpmyadmin/themes/bootstrap/img/caret-up-stop.svg HTTP/1.1" 200 122
::1 - - [01/Aug/2025:21:22:08 +0700] "GET /phpmyadmin/themes/bootstrap/img/notice.svg HTTP/1.1" 200 130
::1 - - [01/Aug/2025:21:22:08 +0700] "GET /phpmyadmin/themes/bootstrap/img/theme.svg HTTP/1.1" 200 561
::1 - - [01/Aug/2025:21:22:08 +0700] "GET /phpmyadmin/themes/bootstrap/img/console.svg HTTP/1.1" 200 147
::1 - - [01/Aug/2025:21:22:08 +0700] "GET /phpmyadmin/themes/bootstrap/img/help-alt.svg HTTP/1.1" 200 404
::1 - - [01/Aug/2025:21:22:08 +0700] "GET /phpmyadmin/themes/bootstrap/img/windows.svg HTTP/1.1" 200 193
::1 - - [01/Aug/2025:21:22:08 +0700] "POST /phpmyadmin/index.php?route=/config/get HTTP/1.1" 200 1493
::1 - - [01/Aug/2025:21:22:08 +0700] "POST /phpmyadmin/index.php?route=/config/get HTTP/1.1" 200 1584
::1 - - [01/Aug/2025:21:22:08 +0700] "POST /phpmyadmin/index.php?route=/navigation&ajax_request=1 HTTP/1.1" 200 2470
::1 - - [01/Aug/2025:21:22:08 +0700] "GET /phpmyadmin/themes/bootstrap/img/table-plus.svg HTTP/1.1" 200 413
::1 - - [01/Aug/2025:21:22:08 +0700] "GET /phpmyadmin/themes/bootstrap/img/table-engine.svg HTTP/1.1" 200 561
::1 - - [01/Aug/2025:21:22:08 +0700] "GET /phpmyadmin/themes/bootstrap/img/tree-collapse.svg HTTP/1.1" 200 108
::1 - - [01/Aug/2025:21:22:08 +0700] "POST /phpmyadmin/index.php?route=/config/set HTTP/1.1" 200 1484
::1 - - [01/Aug/2025:21:22:08 +0700] "POST /phpmyadmin/index.php?route=/version-check HTTP/1.1" 200 28
::1 - - [01/Aug/2025:21:22:10 +0700] "POST /phpmyadmin/index.php?route=/themes/set HTTP/1.1" 302 9776
::1 - - [01/Aug/2025:21:22:10 +0700] "GET /phpmyadmin/index.php?route=/ HTTP/1.1" 200 15796
::1 - - [01/Aug/2025:21:22:10 +0700] "GET /phpmyadmin/themes/original/img/logo_left.png HTTP/1.1" 200 2713
::1 - - [01/Aug/2025:21:22:10 +0700] "GET /phpmyadmin/themes/original/jquery/jquery-ui.css HTTP/1.1" 200 36566
::1 - - [01/Aug/2025:21:22:10 +0700] "GET /phpmyadmin/themes/original/css/theme.css?v=5.2.2 HTTP/1.1" 200 394121
::1 - - [01/Aug/2025:21:22:10 +0700] "GET /phpmyadmin/themes/original/img/b_home.png HTTP/1.1" 200 210
::1 - - [01/Aug/2025:21:22:10 +0700] "GET /phpmyadmin/themes/original/img/s_loggoff.png HTTP/1.1" 200 142
::1 - - [01/Aug/2025:21:22:10 +0700] "GET /phpmyadmin/themes/original/img/s_reload.png HTTP/1.1" 200 233
::1 - - [01/Aug/2025:21:22:10 +0700] "GET /phpmyadmin/themes/original/img/b_docs.png HTTP/1.1" 200 140
::1 - - [01/Aug/2025:21:22:10 +0700] "GET /phpmyadmin/themes/original/img/s_cog.png HTTP/1.1" 200 194
::1 - - [01/Aug/2025:21:22:10 +0700] "GET /phpmyadmin/themes/original/img/b_sqlhelp.png HTTP/1.1" 200 141
::1 - - [01/Aug/2025:21:22:10 +0700] "GET /phpmyadmin/themes/original/img/s_collapseall.png HTTP/1.1" 200 143
::1 - - [01/Aug/2025:21:22:10 +0700] "GET /phpmyadmin/themes/original/img/b_plus.png HTTP/1.1" 200 90
::1 - - [01/Aug/2025:21:22:10 +0700] "GET /phpmyadmin/themes/original/img/s_host.png HTTP/1.1" 200 164
::1 - - [01/Aug/2025:21:22:10 +0700] "GET /phpmyadmin/themes/original/img/b_newdb.png HTTP/1.1" 200 229
::1 - - [01/Aug/2025:21:22:10 +0700] "GET /phpmyadmin/themes/original/img/s_link.png HTTP/1.1" 200 280
::1 - - [01/Aug/2025:21:22:10 +0700] "GET /phpmyadmin/themes/original/img/s_db.png HTTP/1.1" 200 139
::1 - - [01/Aug/2025:21:22:10 +0700] "GET /phpmyadmin/themes/original/img/b_sql.png HTTP/1.1" 200 162
::1 - - [01/Aug/2025:21:22:10 +0700] "GET /phpmyadmin/themes/original/img/b_export.png HTTP/1.1" 200 154
::1 - - [01/Aug/2025:21:22:10 +0700] "GET /phpmyadmin/themes/original/img/s_status.png HTTP/1.1" 200 151
::1 - - [01/Aug/2025:21:22:10 +0700] "GET /phpmyadmin/themes/original/img/s_rights.png HTTP/1.1" 200 329
::1 - - [01/Aug/2025:21:22:10 +0700] "GET /phpmyadmin/themes/original/img/b_import.png HTTP/1.1" 200 150
::1 - - [01/Aug/2025:21:22:10 +0700] "GET /phpmyadmin/themes/original/img/b_tblops.png HTTP/1.1" 200 204
::1 - - [01/Aug/2025:21:22:10 +0700] "GET /phpmyadmin/themes/original/img/logo_right.png HTTP/1.1" 200 4306
::1 - - [01/Aug/2025:21:22:10 +0700] "GET /phpmyadmin/themes/original/img/b_help.png HTTP/1.1" 200 110
::1 - - [01/Aug/2025:21:22:10 +0700] "GET /phpmyadmin/themes/original/img/s_tbl.png HTTP/1.1" 200 99
::1 - - [01/Aug/2025:21:22:10 +0700] "GET /phpmyadmin/themes/original/img/s_asci.png HTTP/1.1" 200 116
::1 - - [01/Aug/2025:21:22:10 +0700] "GET /phpmyadmin/themes/original/img/window-new.png HTTP/1.1" 200 468
::1 - - [01/Aug/2025:21:22:10 +0700] "GET /phpmyadmin/themes/original/img/b_plugin.png HTTP/1.1" 200 512
::1 - - [01/Aug/2025:21:22:10 +0700] "GET /phpmyadmin/themes/original/img/s_vars.png HTTP/1.1" 200 150
::1 - - [01/Aug/2025:21:22:10 +0700] "GET /phpmyadmin/themes/original/img/s_theme.png HTTP/1.1" 200 488
::1 - - [01/Aug/2025:21:22:10 +0700] "GET /phpmyadmin/themes/original/img/s_notice.png HTTP/1.1" 200 109
::1 - - [01/Aug/2025:21:22:10 +0700] "GET /phpmyadmin/themes/original/img/s_passwd.png HTTP/1.1" 200 331
::1 - - [01/Aug/2025:21:22:10 +0700] "GET /phpmyadmin/themes/original/img/s_top.png HTTP/1.1" 200 220
::1 - - [01/Aug/2025:21:22:10 +0700] "GET /phpmyadmin/themes/original/img/s_replication.png HTTP/1.1" 200 399
::1 - - [01/Aug/2025:21:22:10 +0700] "GET /phpmyadmin/themes/original/img/b_engine.png HTTP/1.1" 200 194
::1 - - [01/Aug/2025:21:22:10 +0700] "GET /phpmyadmin/themes/original/img/console.png HTTP/1.1" 200 295
::1 - - [01/Aug/2025:21:22:10 +0700] "POST /phpmyadmin/index.php?route=/navigation&ajax_request=1 HTTP/1.1" 200 2470
::1 - - [01/Aug/2025:21:22:10 +0700] "GET /phpmyadmin/themes/original/img/b_table_add.png HTTP/1.1" 200 265
::1 - - [01/Aug/2025:21:22:10 +0700] "GET /phpmyadmin/themes/original/img/b_props.png HTTP/1.1" 200 142
::1 - - [01/Aug/2025:21:22:10 +0700] "GET /phpmyadmin/themes/original/img/b_minus.png HTTP/1.1" 200 86
::1 - - [01/Aug/2025:21:22:10 +0700] "POST /phpmyadmin/index.php?route=/config/get HTTP/1.1" 200 1493
::1 - - [01/Aug/2025:21:22:10 +0700] "POST /phpmyadmin/index.php?route=/config/get HTTP/1.1" 200 1584
::1 - - [01/Aug/2025:21:22:11 +0700] "POST /phpmyadmin/index.php?route=/config/set HTTP/1.1" 200 1484
::1 - - [01/Aug/2025:21:22:10 +0700] "POST /phpmyadmin/index.php?route=/version-check HTTP/1.1" 200 28
::1 - - [01/Aug/2025:21:22:13 +0700] "POST /phpmyadmin/index.php?route=/themes/set HTTP/1.1" 302 9778
::1 - - [01/Aug/2025:21:22:13 +0700] "GET /phpmyadmin/index.php?route=/ HTTP/1.1" 200 15799
::1 - - [01/Aug/2025:21:22:13 +0700] "POST /phpmyadmin/index.php?route=/config/get HTTP/1.1" 200 1493
::1 - - [01/Aug/2025:21:22:13 +0700] "POST /phpmyadmin/index.php?route=/navigation&ajax_request=1 HTTP/1.1" 200 2470
::1 - - [01/Aug/2025:21:22:13 +0700] "POST /phpmyadmin/index.php?route=/config/get HTTP/1.1" 200 1584
::1 - - [01/Aug/2025:21:22:14 +0700] "POST /phpmyadmin/index.php?route=/config/set HTTP/1.1" 200 1484
::1 - - [01/Aug/2025:21:22:13 +0700] "POST /phpmyadmin/index.php?route=/version-check HTTP/1.1" 200 28
::1 - - [01/Aug/2025:21:22:16 +0700] "POST /phpmyadmin/index.php?route=/themes/set HTTP/1.1" 302 9780
::1 - - [01/Aug/2025:21:22:16 +0700] "GET /phpmyadmin/index.php?route=/ HTTP/1.1" 200 15793
::1 - - [01/Aug/2025:21:22:17 +0700] "GET /phpmyadmin/themes/metro/jquery/jquery-ui.css HTTP/1.1" 200 36566
::1 - - [01/Aug/2025:21:22:17 +0700] "GET /phpmyadmin/themes/metro/img/pma_logo2.png HTTP/1.1" 200 1424
::1 - - [01/Aug/2025:21:22:17 +0700] "GET /phpmyadmin/themes/metro/css/theme.css?v=5.2.2 HTTP/1.1" 200 399712
::1 - - [01/Aug/2025:21:22:17 +0700] "GET /phpmyadmin/themes/metro/img/b_sqlhelp.png HTTP/1.1" 200 162
::1 - - [01/Aug/2025:21:22:17 +0700] "GET /phpmyadmin/themes/metro/img/s_cog.png HTTP/1.1" 200 248
::1 - - [01/Aug/2025:21:22:17 +0700] "GET /phpmyadmin/themes/metro/img/s_loggoff.png HTTP/1.1" 200 151
::1 - - [01/Aug/2025:21:22:17 +0700] "GET /phpmyadmin/themes/metro/img/b_docs.png HTTP/1.1" 200 209
::1 - - [01/Aug/2025:21:22:17 +0700] "GET /phpmyadmin/themes/metro/img/b_home.png HTTP/1.1" 200 172
::1 - - [01/Aug/2025:21:22:17 +0700] "GET /phpmyadmin/themes/metro/img/s_reload.png HTTP/1.1" 200 229
::1 - - [01/Aug/2025:21:22:17 +0700] "GET /phpmyadmin/themes/metro/img/b_sql.png HTTP/1.1" 200 252
::1 - - [01/Aug/2025:21:22:17 +0700] "GET /phpmyadmin/themes/metro/img/s_db.png HTTP/1.1" 200 238
::1 - - [01/Aug/2025:21:22:17 +0700] "GET /phpmyadmin/themes/metro/img/s_collapseall.png HTTP/1.1" 200 197
::1 - - [01/Aug/2025:21:22:17 +0700] "GET /phpmyadmin/themes/metro/img/b_plus.png HTTP/1.1" 200 130
::1 - - [01/Aug/2025:21:22:17 +0700] "GET /phpmyadmin/themes/metro/img/s_link.png HTTP/1.1" 200 386
::1 - - [01/Aug/2025:21:22:17 +0700] "GET /phpmyadmin/themes/metro/img/b_newdb.png HTTP/1.1" 200 1142
::1 - - [01/Aug/2025:21:22:17 +0700] "GET /phpmyadmin/themes/metro/img/s_tbl.png HTTP/1.1" 200 153
::1 - - [01/Aug/2025:21:22:17 +0700] "GET /phpmyadmin/themes/metro/img/b_tblops.png HTTP/1.1" 200 1068
::1 - - [01/Aug/2025:21:22:17 +0700] "GET /phpmyadmin/themes/metro/img/s_rights.png HTTP/1.1" 200 222
::1 - - [01/Aug/2025:21:22:17 +0700] "GET /phpmyadmin/themes/metro/img/b_import.png HTTP/1.1" 200 168
::1 - - [01/Aug/2025:21:22:17 +0700] "GET /phpmyadmin/themes/metro/img/b_export.png HTTP/1.1" 200 162
::1 - - [01/Aug/2025:21:22:17 +0700] "GET /phpmyadmin/themes/metro/img/s_status.png HTTP/1.1" 200 186
::1 - - [01/Aug/2025:21:22:17 +0700] "GET /phpmyadmin/themes/metro/img/s_replication.png HTTP/1.1" 200 161
::1 - - [01/Aug/2025:21:22:17 +0700] "GET /phpmyadmin/themes/metro/img/s_vars.png HTTP/1.1" 200 189
::1 - - [01/Aug/2025:21:22:17 +0700] "GET /phpmyadmin/themes/metro/img/b_plugin.png HTTP/1.1" 200 494
::1 - - [01/Aug/2025:21:22:17 +0700] "GET /phpmyadmin/themes/metro/img/s_top.png HTTP/1.1" 200 2949
::1 - - [01/Aug/2025:21:22:17 +0700] "GET /phpmyadmin/themes/metro/img/s_asci.png HTTP/1.1" 200 1037
::1 - - [01/Aug/2025:21:22:17 +0700] "GET /phpmyadmin/themes/metro/img/b_engine.png HTTP/1.1" 200 269
::1 - - [01/Aug/2025:21:22:17 +0700] "GET /phpmyadmin/themes/metro/img/window-new.png HTTP/1.1" 200 193
::1 - - [01/Aug/2025:21:22:17 +0700] "GET /phpmyadmin/themes/metro/img/b_help.png HTTP/1.1" 200 276
::1 - - [01/Aug/2025:21:22:17 +0700] "GET /phpmyadmin/themes/metro/img/s_theme.png HTTP/1.1" 200 1161
::1 - - [01/Aug/2025:21:22:17 +0700] "GET /phpmyadmin/themes/metro/img/s_passwd.png HTTP/1.1" 200 1034
::1 - - [01/Aug/2025:21:22:17 +0700] "GET /phpmyadmin/themes/metro/img/console.png HTTP/1.1" 200 1208
::1 - - [01/Aug/2025:21:22:17 +0700] "GET /phpmyadmin/themes/metro/img/s_notice.png HTTP/1.1" 200 1060
::1 - - [01/Aug/2025:21:22:17 +0700] "POST /phpmyadmin/index.php?route=/config/get HTTP/1.1" 200 1493
::1 - - [01/Aug/2025:21:22:17 +0700] "POST /phpmyadmin/index.php?route=/config/get HTTP/1.1" 200 1584
::1 - - [01/Aug/2025:21:22:17 +0700] "POST /phpmyadmin/index.php?route=/navigation&ajax_request=1 HTTP/1.1" 200 2470
::1 - - [01/Aug/2025:21:22:17 +0700] "GET /phpmyadmin/themes/metro/img/b_minus.png HTTP/1.1" 200 122
::1 - - [01/Aug/2025:21:22:17 +0700] "GET /phpmyadmin/themes/metro/img/b_props.png HTTP/1.1" 200 184
::1 - - [01/Aug/2025:21:22:17 +0700] "GET /phpmyadmin/themes/metro/img/b_table_add.png HTTP/1.1" 200 1214
::1 - - [01/Aug/2025:21:22:17 +0700] "POST /phpmyadmin/index.php?route=/config/set HTTP/1.1" 200 1484
::1 - - [01/Aug/2025:21:22:17 +0700] "POST /phpmyadmin/index.php?route=/version-check HTTP/1.1" 200 28
::1 - - [01/Aug/2025:21:22:19 +0700] "POST /phpmyadmin/index.php?route=/themes/set HTTP/1.1" 302 9776
::1 - - [01/Aug/2025:21:22:19 +0700] "GET /phpmyadmin/index.php?route=/ HTTP/1.1" 200 15795
::1 - - [01/Aug/2025:21:22:19 +0700] "POST /phpmyadmin/index.php?route=/navigation&ajax_request=1 HTTP/1.1" 200 2470
::1 - - [01/Aug/2025:21:22:19 +0700] "POST /phpmyadmin/index.php?route=/config/get HTTP/1.1" 200 1493
::1 - - [01/Aug/2025:21:22:19 +0700] "POST /phpmyadmin/index.php?route=/config/get HTTP/1.1" 200 1584
::1 - - [01/Aug/2025:21:22:20 +0700] "POST /phpmyadmin/index.php?route=/config/set HTTP/1.1" 200 1484
::1 - - [01/Aug/2025:21:22:19 +0700] "POST /phpmyadmin/index.php?route=/version-check HTTP/1.1" 200 28
::1 - - [01/Aug/2025:21:22:22 +0700] "POST /phpmyadmin/index.php?route=/themes/set HTTP/1.1" 302 9776
::1 - - [01/Aug/2025:21:22:22 +0700] "GET /phpmyadmin/index.php?route=/ HTTP/1.1" 200 15799
::1 - - [01/Aug/2025:21:22:22 +0700] "POST /phpmyadmin/index.php?route=/config/get HTTP/1.1" 200 1493
::1 - - [01/Aug/2025:21:22:22 +0700] "POST /phpmyadmin/index.php?route=/navigation&ajax_request=1 HTTP/1.1" 200 2470
::1 - - [01/Aug/2025:21:22:22 +0700] "POST /phpmyadmin/index.php?route=/config/get HTTP/1.1" 200 1584
::1 - - [01/Aug/2025:21:22:22 +0700] "POST /phpmyadmin/index.php?route=/config/set HTTP/1.1" 200 1484
::1 - - [01/Aug/2025:21:22:22 +0700] "POST /phpmyadmin/index.php?route=/version-check HTTP/1.1" 200 28
::1 - - [01/Aug/2025:21:22:24 +0700] "GET /phpmyadmin/index.php?route=/ HTTP/1.1" 200 15799
::1 - - [01/Aug/2025:21:22:24 +0700] "POST /phpmyadmin/index.php?route=/navigation&ajax_request=1 HTTP/1.1" 200 2470
::1 - - [01/Aug/2025:21:22:24 +0700] "POST /phpmyadmin/index.php?route=/config/get HTTP/1.1" 200 1493
::1 - - [01/Aug/2025:21:22:24 +0700] "POST /phpmyadmin/index.php?route=/config/get HTTP/1.1" 200 1584
::1 - - [01/Aug/2025:21:22:24 +0700] "POST /phpmyadmin/index.php?route=/config/set HTTP/1.1" 200 1484
::1 - - [01/Aug/2025:21:22:24 +0700] "POST /phpmyadmin/index.php?route=/version-check HTTP/1.1" 200 28
::1 - - [01/Aug/2025:21:24:25 +0700] "GET / HTTP/1.1" 200 1071
::1 - - [01/Aug/2025:21:24:26 +0700] "GET /favicon.ico HTTP/1.1" 404 196
::1 - - [01/Aug/2025:21:26:58 +0700] "GET / HTTP/1.1" 304 -
::1 - - [01/Aug/2025:21:26:59 +0700] "GET / HTTP/1.1" 304 -
::1 - - [01/Aug/2025:21:27:01 +0700] "GET /phpmyadmin/index.php?route=/ HTTP/1.1" 200 15798
::1 - - [01/Aug/2025:21:27:02 +0700] "POST /phpmyadmin/index.php?route=/config/get HTTP/1.1" 200 1493
::1 - - [01/Aug/2025:21:27:02 +0700] "POST /phpmyadmin/index.php?route=/config/get HTTP/1.1" 200 1584
::1 - - [01/Aug/2025:21:27:02 +0700] "POST /phpmyadmin/index.php?route=/navigation&ajax_request=1 HTTP/1.1" 200 2261
::1 - - [01/Aug/2025:21:27:02 +0700] "POST /phpmyadmin/index.php?route=/version-check HTTP/1.1" 200 28
::1 - - [01/Aug/2025:21:27:03 +0700] "POST /phpmyadmin/index.php?route=/config/set HTTP/1.1" 200 1484
::1 - - [01/Aug/2025:21:30:59 +0700] "GET /phpmyadmin/index.php?route=/server/databases&ajax_request=true&ajax_page_request=true&_nocache=1754058659189984125&token=6b3667433f70617e46313d7233425433 HTTP/1.1" 200 7615
::1 - - [01/Aug/2025:21:31:17 +0700] "POST /phpmyadmin/index.php?route=/server/databases/create HTTP/1.1" 200 182
::1 - - [01/Aug/2025:21:31:23 +0700] "GET /phpmyadmin/index.php?route=/server/databases HTTP/1.1" 200 15865
::1 - - [01/Aug/2025:21:31:23 +0700] "POST /phpmyadmin/index.php?route=/config/get HTTP/1.1" 200 1493
::1 - - [01/Aug/2025:21:31:23 +0700] "POST /phpmyadmin/index.php?route=/navigation&ajax_request=1 HTTP/1.1" 200 2261
::1 - - [01/Aug/2025:21:31:23 +0700] "POST /phpmyadmin/index.php?route=/config/get HTTP/1.1" 200 1584
::1 - - [01/Aug/2025:21:31:24 +0700] "POST /phpmyadmin/index.php?route=/config/set HTTP/1.1" 200 1484
::1 - - [01/Aug/2025:21:32:13 +0700] "POST /phpmyadmin/index.php?route=/server/databases/create HTTP/1.1" 200 1895
::1 - - [01/Aug/2025:21:32:13 +0700] "GET /phpmyadmin/index.php?route=/database/structure&db=phpmyadmin&ajax_request=true&ajax_page_request=true&_nocache=1754058733430707534&token=6b3667433f70617e46313d7233425433 HTTP/1.1" 200 3144
::1 - - [01/Aug/2025:21:32:13 +0700] "POST /phpmyadmin/index.php?route=/navigation&ajax_request=1 HTTP/1.1" 200 2300
::1 - - [01/Aug/2025:21:32:13 +0700] "POST /phpmyadmin/index.php?route=/navigation&ajax_request=1 HTTP/1.1" 200 1511
::1 - - [01/Aug/2025:21:32:46 +0700] "POST /phpmyadmin/index.php?route=/import HTTP/1.1" 200 290
::1 - - [01/Aug/2025:21:40:25 +0700] "GET /phpmyadmin/index.php?route=/server/databases HTTP/1.1" 200 16451
::1 - - [01/Aug/2025:21:40:26 +0700] "GET /phpmyadmin/js/messages.php?l=en&v=5.2.2 HTTP/1.1" 200 7946
::1 - - [01/Aug/2025:21:40:26 +0700] "POST /phpmyadmin/index.php?route=/config/get HTTP/1.1" 200 1493
::1 - - [01/Aug/2025:21:40:26 +0700] "POST /phpmyadmin/index.php?route=/navigation&ajax_request=1 HTTP/1.1" 200 3464
::1 - - [01/Aug/2025:21:40:26 +0700] "POST /phpmyadmin/index.php?route=/config/get HTTP/1.1" 200 1584
::1 - - [01/Aug/2025:21:40:27 +0700] "POST /phpmyadmin/index.php?route=/config/set HTTP/1.1" 200 1484
::1 - - [01/Aug/2025:21:40:33 +0700] "GET /phpmyadmin/index.php?route=/server/databases HTTP/1.1" 200 16258
::1 - - [01/Aug/2025:21:40:34 +0700] "POST /phpmyadmin/index.php?route=/config/get HTTP/1.1" 200 1584
::1 - - [01/Aug/2025:21:40:34 +0700] "POST /phpmyadmin/index.php?route=/navigation&ajax_request=1 HTTP/1.1" 200 2300
::1 - - [01/Aug/2025:21:40:34 +0700] "POST /phpmyadmin/index.php?route=/config/get HTTP/1.1" 200 1493
::1 - - [01/Aug/2025:21:40:34 +0700] "POST /phpmyadmin/index.php?route=/config/set HTTP/1.1" 200 1484
::1 - - [01/Aug/2025:21:40:42 +0700] "GET /phpmyadmin/index.php?route=/database/structure&db=latihan&ajax_request=true&ajax_page_request=true&_nocache=1754059242251892424&token=6b3667433f70617e46313d7233425433 HTTP/1.1" 200 5639
::1 - - [01/Aug/2025:21:40:42 +0700] "GET /phpmyadmin/themes/pmahomme/img/eye.png HTTP/1.1" 200 663
::1 - - [01/Aug/2025:21:40:42 +0700] "GET /phpmyadmin/themes/pmahomme/img/centralColumns.png HTTP/1.1" 200 586
::1 - - [01/Aug/2025:21:40:42 +0700] "POST /phpmyadmin/index.php?route=/navigation&ajax_request=1 HTTP/1.1" 200 1929
::1 - - [01/Aug/2025:21:40:43 +0700] "GET /phpmyadmin/themes/pmahomme/img/hide.png HTTP/1.1" 200 284
::1 - - [01/Aug/2025:21:40:44 +0700] "GET /phpmyadmin/index.php?route=/database/export&db=latihan HTTP/1.1" 200 153
::1 - - [01/Aug/2025:21:41:17 +0700] "GET /phpmyadmin/index.php?route=/database/structure&db=latihan HTTP/1.1" 200 13497
::1 - - [01/Aug/2025:21:41:17 +0700] "POST /phpmyadmin/index.php?route=/navigation&ajax_request=1 HTTP/1.1" 200 2648
::1 - - [01/Aug/2025:21:41:17 +0700] "POST /phpmyadmin/index.php?route=/config/get HTTP/1.1" 200 1493
::1 - - [01/Aug/2025:21:41:17 +0700] "POST /phpmyadmin/index.php?route=/config/get HTTP/1.1" 200 1584
::1 - - [01/Aug/2025:21:41:18 +0700] "POST /phpmyadmin/index.php?route=/config/set HTTP/1.1" 200 1484
::1 - - [01/Aug/2025:21:41:19 +0700] "GET /phpmyadmin/index.php?route=/database/structure&db=latihan HTTP/1.1" 200 13497
::1 - - [01/Aug/2025:21:41:20 +0700] "POST /phpmyadmin/index.php?route=/config/get HTTP/1.1" 200 1493
::1 - - [01/Aug/2025:21:41:20 +0700] "POST /phpmyadmin/index.php?route=/config/get HTTP/1.1" 200 1584
::1 - - [01/Aug/2025:21:41:20 +0700] "POST /phpmyadmin/index.php?route=/navigation&ajax_request=1 HTTP/1.1" 200 2648
::1 - - [01/Aug/2025:21:41:20 +0700] "POST /phpmyadmin/index.php?route=/config/set HTTP/1.1" 200 1484
::1 - - [01/Aug/2025:21:41:22 +0700] "GET /phpmyadmin/index.php?route=/database/structure&db=lrv_multikreatif&ajax_request=true&ajax_page_request=true&_nocache=1754059282061957770&token=6b3667433f70617e46313d7233425433 HTTP/1.1" 200 9033
::1 - - [01/Aug/2025:21:41:22 +0700] "POST /phpmyadmin/index.php?route=/navigation&ajax_request=1 HTTP/1.1" 200 2742
::1 - - [01/Aug/2025:21:41:24 +0700] "GET /phpmyadmin/index.php?route=/database/export&db=lrv_multikreatif HTTP/1.1" 200 153
::1 - - [01/Aug/2025:21:42:59 +0700] "GET /phpmyadmin/index.php?route=/database/export&db=lrv_multikreatif HTTP/1.1" 304 -
::1 - - [01/Aug/2025:21:43:01 +0700] "GET /phpmyadmin/index.php?route=/database/structure&db=lrv_multikreatif HTTP/1.1" 200 16960
::1 - - [01/Aug/2025:21:43:01 +0700] "POST /phpmyadmin/index.php?route=/config/get HTTP/1.1" 200 1493
::1 - - [01/Aug/2025:21:43:01 +0700] "POST /phpmyadmin/index.php?route=/navigation&ajax_request=1 HTTP/1.1" 200 3526
::1 - - [01/Aug/2025:21:43:01 +0700] "POST /phpmyadmin/index.php?route=/config/get HTTP/1.1" 200 1584
::1 - - [01/Aug/2025:21:43:03 +0700] "POST /phpmyadmin/index.php?route=/config/set HTTP/1.1" 200 1484
::1 - - [01/Aug/2025:21:43:03 +0700] "GET /phpmyadmin/index.php?route=/database/structure&db=lrv_multikreatif HTTP/1.1" 200 16960
::1 - - [01/Aug/2025:21:43:04 +0700] "POST /phpmyadmin/index.php?route=/config/get HTTP/1.1" 200 1493
::1 - - [01/Aug/2025:21:43:04 +0700] "POST /phpmyadmin/index.php?route=/config/get HTTP/1.1" 200 1584
::1 - - [01/Aug/2025:21:43:04 +0700] "POST /phpmyadmin/index.php?route=/navigation&ajax_request=1 HTTP/1.1" 200 3526
::1 - - [01/Aug/2025:21:43:05 +0700] "POST /phpmyadmin/index.php?route=/config/set HTTP/1.1" 200 1484
::1 - - [01/Aug/2025:21:44:14 +0700] "GET /phpmyadmin/index.php?route=/database/structure&db=lrv_multikreatif HTTP/1.1" 200 16960
::1 - - [01/Aug/2025:21:44:15 +0700] "POST /phpmyadmin/index.php?route=/config/get HTTP/1.1" 200 1493
::1 - - [01/Aug/2025:21:44:15 +0700] "POST /phpmyadmin/index.php?route=/config/get HTTP/1.1" 200 1584
::1 - - [01/Aug/2025:21:44:15 +0700] "POST /phpmyadmin/index.php?route=/navigation&ajax_request=1 HTTP/1.1" 200 3526
::1 - - [01/Aug/2025:21:44:16 +0700] "POST /phpmyadmin/index.php?route=/config/set HTTP/1.1" 200 1484
::1 - - [01/Aug/2025:21:44:17 +0700] "GET /phpmyadmin/index.php?route=/database/structure&db=lrv_multikreatif HTTP/1.1" 200 16960
::1 - - [01/Aug/2025:21:44:19 +0700] "POST /phpmyadmin/index.php?route=/config/get HTTP/1.1" 200 1584
::1 - - [01/Aug/2025:21:44:19 +0700] "POST /phpmyadmin/index.php?route=/navigation&ajax_request=1 HTTP/1.1" 200 3526
::1 - - [01/Aug/2025:21:44:19 +0700] "POST /phpmyadmin/index.php?route=/config/get HTTP/1.1" 200 1493
::1 - - [01/Aug/2025:21:44:20 +0700] "POST /phpmyadmin/index.php?route=/config/set HTTP/1.1" 200 1484
::1 - - [01/Aug/2025:21:44:22 +0700] "GET /phpmyadmin/index.php?route=/database/operations&db=lrv_multikreatif HTTP/1.1" 200 15908
::1 - - [01/Aug/2025:21:44:24 +0700] "GET /phpmyadmin/js/dist/database/operations.js?v=5.2.2 HTTP/1.1" 200 5749
::1 - - [01/Aug/2025:21:44:24 +0700] "GET /phpmyadmin/themes/pmahomme/img/b_comment.png HTTP/1.1" 200 342
::1 - - [01/Aug/2025:21:44:24 +0700] "POST /phpmyadmin/index.php?route=/navigation&ajax_request=1 HTTP/1.1" 200 3526
::1 - - [01/Aug/2025:21:44:24 +0700] "POST /phpmyadmin/index.php?route=/config/get HTTP/1.1" 200 1584
::1 - - [01/Aug/2025:21:44:24 +0700] "POST /phpmyadmin/index.php?route=/config/get HTTP/1.1" 200 1493
::1 - - [01/Aug/2025:21:44:25 +0700] "POST /phpmyadmin/index.php?route=/config/set HTTP/1.1" 200 1484
::1 - - [01/Aug/2025:21:52:12 +0700] "GET / HTTP/1.1" 200 70817
::1 - - [01/Aug/2025:21:53:14 +0700] "GET /phpmyadmin/index.php?route=/database/operations&db=lrv_multikreatif HTTP/1.1" 200 15908
::1 - - [01/Aug/2025:21:53:15 +0700] "POST /phpmyadmin/index.php?route=/config/get HTTP/1.1" 200 1493
::1 - - [01/Aug/2025:21:53:15 +0700] "POST /phpmyadmin/index.php?route=/navigation&ajax_request=1 HTTP/1.1" 200 3526
::1 - - [01/Aug/2025:21:53:15 +0700] "POST /phpmyadmin/index.php?route=/config/get HTTP/1.1" 200 1584
::1 - - [01/Aug/2025:21:53:17 +0700] "POST /phpmyadmin/index.php?route=/config/set HTTP/1.1" 200 1484
::1 - - [01/Aug/2025:21:53:20 +0700] "GET /phpmyadmin/index.php?route=/database/structure&db=lrv_multikreatif&ajax_request=true&ajax_page_request=true&_nocache=1754060000469566898&token=6b3667433f70617e46313d7233425433 HTTP/1.1" 200 9033
::1 - - [01/Aug/2025:21:54:24 +0700] "-" 408 -
::1 - - [01/Aug/2025:21:59:34 +0700] "GET /phpmyadmin/index.php?route=/database/export&db=lrv_multikreatif HTTP/1.1" 304 -
::1 - - [01/Aug/2025:21:59:48 +0700] "GET /phpmyadmin/index.php?route=/database/export&db=lrv_multikreatif HTTP/1.1" 304 -
::1 - - [01/Aug/2025:21:59:52 +0700] "GET /phpmyadmin/index.php?route=/database/structure&db=lrv_multikreatif HTTP/1.1" 200 16960
::1 - - [01/Aug/2025:21:59:53 +0700] "POST /phpmyadmin/index.php?route=/config/get HTTP/1.1" 200 1493
::1 - - [01/Aug/2025:21:59:53 +0700] "POST /phpmyadmin/index.php?route=/navigation&ajax_request=1 HTTP/1.1" 200 3442
::1 - - [01/Aug/2025:21:59:53 +0700] "POST /phpmyadmin/index.php?route=/config/get HTTP/1.1" 200 1584
::1 - - [01/Aug/2025:21:59:55 +0700] "POST /phpmyadmin/index.php?route=/config/set HTTP/1.1" 200 1484
::1 - - [01/Aug/2025:21:59:56 +0700] "GET /phpmyadmin/themes/pmahomme/img/s_desc.png HTTP/1.1" 200 146
::1 - - [01/Aug/2025:21:59:55 +0700] "GET /phpmyadmin/index.php?route=/database/structure&db=lrv_multikreatif HTTP/1.1" 200 16960
::1 - - [01/Aug/2025:21:59:57 +0700] "POST /phpmyadmin/index.php?route=/navigation&ajax_request=1 HTTP/1.1" 200 3442
::1 - - [01/Aug/2025:21:59:57 +0700] "POST /phpmyadmin/index.php?route=/config/get HTTP/1.1" 200 1493
::1 - - [01/Aug/2025:21:59:57 +0700] "POST /phpmyadmin/index.php?route=/config/get HTTP/1.1" 200 1584
::1 - - [01/Aug/2025:21:59:59 +0700] "POST /phpmyadmin/index.php?route=/config/set HTTP/1.1" 200 1484
::1 - - [01/Aug/2025:22:00:02 +0700] "GET /phpmyadmin/index.php?route=/database/import&db=lrv_multikreatif HTTP/1.1" 200 15205
::1 - - [01/Aug/2025:22:00:04 +0700] "GET /phpmyadmin/js/dist/import.js?v=5.2.2 HTTP/1.1" 200 5670
::1 - - [01/Aug/2025:22:00:04 +0700] "POST /phpmyadmin/index.php?route=/navigation&ajax_request=1 HTTP/1.1" 200 3442
::1 - - [01/Aug/2025:22:00:04 +0700] "POST /phpmyadmin/index.php?route=/config/get HTTP/1.1" 200 1493
::1 - - [01/Aug/2025:22:00:04 +0700] "POST /phpmyadmin/index.php?route=/config/get HTTP/1.1" 200 1584
::1 - - [01/Aug/2025:22:00:06 +0700] "POST /phpmyadmin/index.php?route=/config/set HTTP/1.1" 200 1484
::1 - - [01/Aug/2025:22:00:09 +0700] "GET /phpmyadmin/index.php?route=/database/structure&db=lrv_multikreatif HTTP/1.1" 200 16960
::1 - - [01/Aug/2025:22:00:09 +0700] "POST /phpmyadmin/index.php?route=/config/get HTTP/1.1" 200 1493
::1 - - [01/Aug/2025:22:00:09 +0700] "POST /phpmyadmin/index.php?route=/navigation&ajax_request=1 HTTP/1.1" 200 3442
::1 - - [01/Aug/2025:22:00:09 +0700] "POST /phpmyadmin/index.php?route=/config/get HTTP/1.1" 200 1584
::1 - - [01/Aug/2025:22:00:10 +0700] "POST /phpmyadmin/index.php?route=/config/set HTTP/1.1" 200 1484
::1 - - [01/Aug/2025:22:07:44 +0700] "GET /phpmyadmin/index.php?route=/database/export&db=lrv_multikreatif HTTP/1.1" 304 -
::1 - - [01/Aug/2025:22:08:41 +0700] "-" 408 -
::1 - - [01/Aug/2025:22:13:29 +0700] "GET /phpmyadmin/index.php?route=/database/export&db=lrv_multikreatif HTTP/1.1" 304 -
::1 - - [01/Aug/2025:22:13:31 +0700] "GET /phpmyadmin/index.php?route=/database/structure&db=lrv_multikreatif HTTP/1.1" 200 16960
::1 - - [01/Aug/2025:22:13:32 +0700] "POST /phpmyadmin/index.php?route=/config/get HTTP/1.1" 200 1493
::1 - - [01/Aug/2025:22:13:32 +0700] "POST /phpmyadmin/index.php?route=/navigation&ajax_request=1 HTTP/1.1" 200 3442
::1 - - [01/Aug/2025:22:13:32 +0700] "POST /phpmyadmin/index.php?route=/config/get HTTP/1.1" 200 1584
::1 - - [01/Aug/2025:22:13:34 +0700] "POST /phpmyadmin/index.php?route=/config/set HTTP/1.1" 200 1484
::1 - - [01/Aug/2025:22:13:37 +0700] "GET /phpmyadmin/index.php?route=/database/structure&db=lrv_multikreatif HTTP/1.1" 200 16960
::1 - - [01/Aug/2025:22:13:37 +0700] "POST /phpmyadmin/index.php?route=/config/get HTTP/1.1" 200 1493
::1 - - [01/Aug/2025:22:13:37 +0700] "POST /phpmyadmin/index.php?route=/navigation&ajax_request=1 HTTP/1.1" 200 2358
::1 - - [01/Aug/2025:22:13:38 +0700] "POST /phpmyadmin/index.php?route=/navigation&ajax_request=1 HTTP/1.1" 200 2742
::1 - - [01/Aug/2025:22:13:37 +0700] "POST /phpmyadmin/index.php?route=/config/get HTTP/1.1" 200 1584
::1 - - [01/Aug/2025:22:13:40 +0700] "POST /phpmyadmin/index.php?route=/config/set HTTP/1.1" 200 1484
::1 - - [01/Aug/2025:22:13:41 +0700] "GET /phpmyadmin/index.php?route=/database/structure&db=lrv_multikreatif&ajax_request=true&ajax_page_request=true&_nocache=1754061221205379675&token=6b3667433f70617e46313d7233425433 HTTP/1.1" 200 9033
::1 - - [01/Aug/2025:22:14:07 +0700] "GET /phpmyadmin/index.php?route=/database/structure&db=lrv_multikreatif HTTP/1.1" 200 16960
::1 - - [01/Aug/2025:22:14:08 +0700] "POST /phpmyadmin/index.php?route=/navigation&ajax_request=1 HTTP/1.1" 200 2358
::1 - - [01/Aug/2025:22:14:08 +0700] "POST /phpmyadmin/index.php?route=/config/get HTTP/1.1" 200 1493
::1 - - [01/Aug/2025:22:14:08 +0700] "POST /phpmyadmin/index.php?route=/navigation&ajax_request=1 HTTP/1.1" 200 2742
::1 - - [01/Aug/2025:22:14:08 +0700] "POST /phpmyadmin/index.php?route=/config/get HTTP/1.1" 200 1584
::1 - - [01/Aug/2025:22:14:09 +0700] "POST /phpmyadmin/index.php?route=/config/set HTTP/1.1" 200 1484
::1 - - [01/Aug/2025:22:14:13 +0700] "GET /phpmyadmin/index.php?route=/database/structure&db=lrv_multikreatif&ajax_request=true&ajax_page_request=true&_nocache=1754061253304161298&token=6b3667433f70617e46313d7233425433 HTTP/1.1" 200 9033
::1 - - [01/Aug/2025:22:17:36 +0700] "GET /phpmyadmin/index.php?route=/database/structure&db=latihan&ajax_request=true&ajax_page_request=true&_nocache=1754061456630751129&token=6b3667433f70617e46313d7233425433 HTTP/1.1" 200 5639
::1 - - [01/Aug/2025:22:17:37 +0700] "POST /phpmyadmin/index.php?route=/navigation&ajax_request=1 HTTP/1.1" 200 1929
::1 - - [01/Aug/2025:22:18:12 +0700] "GET /phpmyadmin/index.php?route=/database/structure&db=latihan HTTP/1.1" 200 13497
::1 - - [01/Aug/2025:22:18:13 +0700] "POST /phpmyadmin/index.php?route=/config/get HTTP/1.1" 200 1493
::1 - - [01/Aug/2025:22:18:13 +0700] "POST /phpmyadmin/index.php?route=/navigation&ajax_request=1 HTTP/1.1" 200 2648
::1 - - [01/Aug/2025:22:18:13 +0700] "POST /phpmyadmin/index.php?route=/config/get HTTP/1.1" 200 1584
::1 - - [01/Aug/2025:22:18:14 +0700] "GET /phpmyadmin/index.php?route=/database/structure&db=latihan HTTP/1.1" 200 13497
::1 - - [01/Aug/2025:22:18:14 +0700] "POST /phpmyadmin/index.php?route=/config/set HTTP/1.1" 200 1484
::1 - - [01/Aug/2025:22:18:16 +0700] "POST /phpmyadmin/index.php?route=/config/get HTTP/1.1" 200 1493
::1 - - [01/Aug/2025:22:18:16 +0700] "POST /phpmyadmin/index.php?route=/navigation&ajax_request=1 HTTP/1.1" 200 2648
::1 - - [01/Aug/2025:22:18:16 +0700] "POST /phpmyadmin/index.php?route=/config/get HTTP/1.1" 200 1584
::1 - - [01/Aug/2025:22:18:18 +0700] "POST /phpmyadmin/index.php?route=/config/set HTTP/1.1" 200 1484
::1 - - [01/Aug/2025:22:19:14 +0700] "GET /phpmyadmin/index.php?route=/database/structure&db=latihan HTTP/1.1" 200 13497
::1 - - [01/Aug/2025:22:19:16 +0700] "POST /phpmyadmin/index.php?route=/config/get HTTP/1.1" 200 1493
::1 - - [01/Aug/2025:22:19:16 +0700] "POST /phpmyadmin/index.php?route=/navigation&ajax_request=1 HTTP/1.1" 200 2648
::1 - - [01/Aug/2025:22:19:16 +0700] "POST /phpmyadmin/index.php?route=/config/get HTTP/1.1" 200 1584
::1 - - [01/Aug/2025:22:19:18 +0700] "POST /phpmyadmin/index.php?route=/config/set HTTP/1.1" 200 1484
::1 - - [01/Aug/2025:22:19:42 +0700] "GET /phpmyadmin/index.php?route=/database/export&db=latihan HTTP/1.1" 304 -
::1 - - [01/Aug/2025:22:20:42 +0700] "-" 408 -
::1 - - [01/Aug/2025:22:23:46 +0700] "GET /phpmyadmin/ HTTP/1.1" 200 3452
::1 - - [01/Aug/2025:22:23:56 +0700] "POST /phpmyadmin/index.php?route=/ HTTP/1.1" 200 3360
::1 - - [01/Aug/2025:22:24:09 +0700] "POST /phpmyadmin/index.php?route=/ HTTP/1.1" 200 3455
::1 - - [01/Aug/2025:22:25:09 +0700] "-" 408 -
::1 - - [01/Aug/2025:22:42:53 +0700] "GET /phpmyadmin/ HTTP/1.1" 200 3334
::1 - - [01/Aug/2025:22:42:54 +0700] "GET /phpmyadmin/js/messages.php?l=en&v=5.2.2&lang=en HTTP/1.1" 200 7946
::1 - - [01/Aug/2025:22:43:00 +0700] "POST /phpmyadmin/index.php?route=/ HTTP/1.1" 200 3446
::1 - - [01/Aug/2025:22:43:00 +0700] "GET /phpmyadmin/js/messages.php?l=en&v=5.2.2 HTTP/1.1" 200 7946
::1 - - [01/Aug/2025:22:43:06 +0700] "POST /phpmyadmin/index.php?route=/ HTTP/1.1" 200 3445
::1 - - [01/Aug/2025:22:43:11 +0700] "POST /phpmyadmin/index.php?route=/ HTTP/1.1" 200 3445
::1 - - [01/Aug/2025:22:43:16 +0700] "POST /phpmyadmin/index.php?route=/ HTTP/1.1" 200 3443
::1 - - [01/Aug/2025:22:43:18 +0700] "POST /phpmyadmin/index.php?route=/ HTTP/1.1" 200 3446
::1 - - [01/Aug/2025:22:43:20 +0700] "POST /phpmyadmin/index.php?route=/ HTTP/1.1" 200 3447
::1 - - [01/Aug/2025:22:43:23 +0700] "POST /phpmyadmin/index.php?route=/ HTTP/1.1" 200 3444
::1 - - [01/Aug/2025:22:43:26 +0700] "POST /phpmyadmin/index.php?route=/ HTTP/1.1" 200 3443
::1 - - [01/Aug/2025:22:43:29 +0700] "POST /phpmyadmin/index.php?route=/ HTTP/1.1" 200 3447
::1 - - [01/Aug/2025:22:43:32 +0700] "POST /phpmyadmin/index.php?route=/ HTTP/1.1" 200 3445
::1 - - [01/Aug/2025:22:44:12 +0700] "-" 408 -
::1 - - [01/Aug/2025:23:40:58 +0700] "GET /phpmyadmin/ HTTP/1.1" 200 3334
::1 - - [01/Aug/2025:23:41:00 +0700] "POST /phpmyadmin/index.php?route=/ HTTP/1.1" 200 3358
::1 - - [01/Aug/2025:23:41:58 +0700] "-" 408 -
::1 - - [01/Aug/2025:23:42:16 +0700] "POST /phpmyadmin/index.php?route=/ HTTP/1.1" 200 3359
::1 - - [01/Aug/2025:23:43:16 +0700] "-" 408 -
::1 - - [01/Aug/2025:23:44:59 +0700] "POST /phpmyadmin/index.php?route=/ HTTP/1.1" 200 3442
::1 - - [01/Aug/2025:23:44:59 +0700] "GET /phpmyadmin/js/messages.php?l=en&v=5.2.2 HTTP/1.1" 200 7946
::1 - - [01/Aug/2025:23:45:59 +0700] "-" 408 -
::1 - - [01/Aug/2025:23:47:53 +0700] "GET /phpmyadmin/index.php?route=/ HTTP/1.1" 200 3317
::1 - - [01/Aug/2025:23:47:57 +0700] "POST /phpmyadmin/index.php?route=/ HTTP/1.1" 302 20
::1 - - [01/Aug/2025:23:47:57 +0700] "GET /phpmyadmin/index.php?route=/ HTTP/1.1" 200 15710
::1 - - [01/Aug/2025:23:47:58 +0700] "POST /phpmyadmin/index.php?route=/config/get HTTP/1.1" 200 1486
::1 - - [01/Aug/2025:23:47:58 +0700] "POST /phpmyadmin/index.php?route=/config/get HTTP/1.1" 200 1578
::1 - - [01/Aug/2025:23:47:58 +0700] "POST /phpmyadmin/index.php?route=/navigation&ajax_request=1 HTTP/1.1" 200 2177
::1 - - [01/Aug/2025:23:47:58 +0700] "POST /phpmyadmin/index.php?route=/version-check HTTP/1.1" 200 28
::1 - - [01/Aug/2025:23:47:59 +0700] "POST /phpmyadmin/index.php?route=/config/set HTTP/1.1" 200 1477
::1 - - [01/Aug/2025:23:48:33 +0700] "GET /phpmyadmin/index.php?route=/ HTTP/1.1" 200 15710
::1 - - [01/Aug/2025:23:48:33 +0700] "POST /phpmyadmin/index.php?route=/config/get HTTP/1.1" 200 1486
::1 - - [01/Aug/2025:23:48:33 +0700] "POST /phpmyadmin/index.php?route=/navigation&ajax_request=1 HTTP/1.1" 200 2177
::1 - - [01/Aug/2025:23:48:33 +0700] "POST /phpmyadmin/index.php?route=/config/get HTTP/1.1" 200 1577
::1 - - [01/Aug/2025:23:48:34 +0700] "POST /phpmyadmin/index.php?route=/config/set HTTP/1.1" 200 1477
::1 - - [01/Aug/2025:23:48:33 +0700] "POST /phpmyadmin/index.php?route=/version-check HTTP/1.1" 200 28
::1 - - [01/Aug/2025:23:48:37 +0700] "GET /phpmyadmin/index.php?route=/server/databases&ajax_request=true&ajax_page_request=true&_nocache=1754066917363917980&token=52255f216e5a6f35424b2a4357693d27 HTTP/1.1" 200 7532
::1 - - [01/Aug/2025:23:48:44 +0700] "POST /phpmyadmin/index.php?route=/server/databases/create HTTP/1.1" 200 1887
::1 - - [01/Aug/2025:23:48:44 +0700] "GET /phpmyadmin/index.php?route=/database/structure&db=phpmyadmin&ajax_request=true&ajax_page_request=true&_nocache=1754066924406825397&token=52255f216e5a6f35424b2a4357693d27 HTTP/1.1" 200 3138
::1 - - [01/Aug/2025:23:48:44 +0700] "POST /phpmyadmin/index.php?route=/navigation&ajax_request=1 HTTP/1.1" 200 2222
::1 - - [01/Aug/2025:23:48:44 +0700] "POST /phpmyadmin/index.php?route=/navigation&ajax_request=1 HTTP/1.1" 200 1503
::1 - - [01/Aug/2025:23:48:48 +0700] "POST /phpmyadmin/index.php?route=/import HTTP/1.1" 200 290
::1 - - [01/Aug/2025:23:50:13 +0700] "GET /phpmyadmin/index.php?route=/&ajax_request=true&ajax_page_request=true&_nocache=1754067013211644714&token=52255f216e5a6f35424b2a4357693d27 HTTP/1.1" 200 7407
::1 - - [01/Aug/2025:23:50:13 +0700] "POST /phpmyadmin/index.php?route=/database/structure/favorite-table&ajax_request=1&favorite_table=1&sync_favorite_tables=1 HTTP/1.1" 200 1567
::1 - - [01/Aug/2025:23:50:13 +0700] "POST /phpmyadmin/index.php?route=/version-check HTTP/1.1" 200 28
::1 - - [01/Aug/2025:23:50:18 +0700] "GET /phpmyadmin/index.php?route=/ HTTP/1.1" 200 15810
::1 - - [01/Aug/2025:23:50:18 +0700] "POST /phpmyadmin/index.php?route=/navigation&ajax_request=1 HTTP/1.1" 200 3384
::1 - - [01/Aug/2025:23:50:18 +0700] "POST /phpmyadmin/index.php?route=/config/get HTTP/1.1" 200 1486
::1 - - [01/Aug/2025:23:50:18 +0700] "POST /phpmyadmin/index.php?route=/config/get HTTP/1.1" 200 1577
::1 - - [01/Aug/2025:23:50:18 +0700] "POST /phpmyadmin/index.php?route=/config/set HTTP/1.1" 200 1477
::1 - - [01/Aug/2025:23:50:18 +0700] "POST /phpmyadmin/index.php?route=/version-check HTTP/1.1" 200 28
::1 - - [01/Aug/2025:23:50:23 +0700] "GET /phpmyadmin/index.php?route=/server/databases HTTP/1.1" 200 15863
::1 - - [01/Aug/2025:23:50:24 +0700] "POST /phpmyadmin/index.php?route=/navigation&ajax_request=1 HTTP/1.1" 200 2222
::1 - - [01/Aug/2025:23:50:24 +0700] "POST /phpmyadmin/index.php?route=/config/get HTTP/1.1" 200 1486
::1 - - [01/Aug/2025:23:50:24 +0700] "POST /phpmyadmin/index.php?route=/config/get HTTP/1.1" 200 1577
::1 - - [01/Aug/2025:23:50:24 +0700] "POST /phpmyadmin/index.php?route=/config/set HTTP/1.1" 200 1477
::1 - - [01/Aug/2025:23:50:28 +0700] "POST /phpmyadmin/index.php?route=/server/databases/create HTTP/1.1" 200 1882
::1 - - [01/Aug/2025:23:50:28 +0700] "GET /phpmyadmin/index.php?route=/database/structure&db=test&ajax_request=true&ajax_page_request=true&_nocache=1754067028617486610&token=52255f216e5a6f35424b2a4357693d27 HTTP/1.1" 200 3192
::1 - - [01/Aug/2025:23:50:28 +0700] "POST /phpmyadmin/index.php?route=/navigation&ajax_request=1 HTTP/1.1" 200 2255
::1 - - [01/Aug/2025:23:50:28 +0700] "POST /phpmyadmin/index.php?route=/navigation&ajax_request=1 HTTP/1.1" 200 1503
::1 - - [01/Aug/2025:23:50:32 +0700] "POST /phpmyadmin/index.php?route=/table/create HTTP/1.1" 200 42350
::1 - - [01/Aug/2025:23:50:33 +0700] "GET /phpmyadmin/index.php?route=/recent-table&ajax_request=1&recent_table=1&no_debug=true&_nocache=1754067033047423201&token=52255f216e5a6f35424b2a4357693d27 HTTP/1.1" 200 1504
::1 - - [01/Aug/2025:23:50:44 +0700] "POST /phpmyadmin/index.php?route=/table/indexes HTTP/1.1" 200 2794
::1 - - [01/Aug/2025:23:50:47 +0700] "POST /phpmyadmin/index.php?route=/table/structure/reserved-word-check HTTP/1.1" 200 89
::1 - - [01/Aug/2025:23:50:47 +0700] "POST /phpmyadmin/index.php?route=/table/create HTTP/1.1" 200 1717
::1 - - [01/Aug/2025:23:50:47 +0700] "GET /phpmyadmin/index.php?route=/database/structure&server=1&db=test&table=user&ajax_request=true&ajax_page_request=true&_nocache=1754067047425989152&token=52255f216e5a6f35424b2a4357693d27 HTTP/1.1" 200 5615
::1 - - [01/Aug/2025:23:50:47 +0700] "POST /phpmyadmin/index.php?route=/navigation&ajax_request=1 HTTP/1.1" 200 2572
::1 - - [01/Aug/2025:23:50:47 +0700] "GET /phpmyadmin/index.php?route=/table/structure&server=1&db=test&token=52255f216e5a6f35424b2a4357693d27&goto=index.php%3Froute%3D%2Fdatabase%2Fstructure&table=user&ajax_request=true&ajax_page_request=true&_nocache=1754067047428118732&token=52255f216e5a6f35424b2a4357693d27 HTTP/1.1" 200 8391
::1 - - [01/Aug/2025:23:50:47 +0700] "GET /phpmyadmin/themes/pmahomme/img/centralColumns_add.png HTTP/1.1" 200 676
::1 - - [01/Aug/2025:23:50:47 +0700] "GET /phpmyadmin/themes/pmahomme/img/centralColumns_delete.png HTTP/1.1" 200 683
::1 - - [01/Aug/2025:23:50:47 +0700] "GET /phpmyadmin/index.php?route=/recent-table&ajax_request=1&recent_table=1&no_debug=true&_nocache=1754067047677216518&token=52255f216e5a6f35424b2a4357693d27 HTTP/1.1" 200 1528
::1 - - [01/Aug/2025:23:50:47 +0700] "GET /phpmyadmin/index.php?route=/recent-table&ajax_request=1&recent_table=1&no_debug=true&_nocache=1754067047944244453&token=52255f216e5a6f35424b2a4357693d27 HTTP/1.1" 200 1528
::1 - - [01/Aug/2025:23:50:51 +0700] "GET /phpmyadmin/index.php?route=/database/structure&db=test&ajax_request=true&ajax_page_request=true&_nocache=1754067051120912595&token=52255f216e5a6f35424b2a4357693d27 HTTP/1.1" 200 5629
::1 - - [01/Aug/2025:23:50:53 +0700] "GET /phpmyadmin/index.php?route=/database/export&db=test HTTP/1.1" 200 153
::1 - - [01/Aug/2025:23:50:53 +0700] "GET /favicon.ico HTTP/1.1" 404 196
::1 - - [01/Aug/2025:23:51:20 +0700] "GET /phpmyadmin/index.php?route=/database/structure&db=test HTTP/1.1" 200 13393
::1 - - [01/Aug/2025:23:51:20 +0700] "POST /phpmyadmin/index.php?route=/config/get HTTP/1.1" 200 1577
::1 - - [01/Aug/2025:23:51:20 +0700] "POST /phpmyadmin/index.php?route=/config/get HTTP/1.1" 200 1486
::1 - - [01/Aug/2025:23:51:20 +0700] "POST /phpmyadmin/index.php?route=/navigation&ajax_request=1 HTTP/1.1" 200 2572
::1 - - [01/Aug/2025:23:51:21 +0700] "POST /phpmyadmin/index.php?route=/config/set HTTP/1.1" 200 1477
::1 - - [01/Aug/2025:23:53:14 +0700] "GET / HTTP/1.1" 200 70599
::1 - - [01/Aug/2025:23:53:20 +0700] "GET /database/ HTTP/1.1" 200 4600
::1 - - [01/Aug/2025:23:53:20 +0700] "GET /database/?file=default.css&version=4.7.8 HTTP/1.1" 200 6811
::1 - - [01/Aug/2025:23:53:20 +0700] "GET /database/?file=functions.js&version=4.7.8 HTTP/1.1" 200 27515
::1 - - [01/Aug/2025:23:53:22 +0700] "POST /database/?script=version HTTP/1.1" 200 -
::1 - - [01/Aug/2025:23:53:22 +0700] "GET /database/?file=favicon.ico&version=4.7.8 HTTP/1.1" 200 318
::1 - - [01/Aug/2025:23:53:25 +0700] "POST /database/ HTTP/1.1" 302 -
::1 - - [01/Aug/2025:23:53:25 +0700] "GET /database/?username=root HTTP/1.1" 200 8617
::1 - - [01/Aug/2025:23:53:25 +0700] "GET /database/?file=jush.js&version=4.7.8 HTTP/1.1" 200 82471
::1 - - [01/Aug/2025:23:53:28 +0700] "GET /database/?username=root&db=test HTTP/1.1" 200 11651
::1 - - [01/Aug/2025:23:53:28 +0700] "GET /database/?username=root&db=test&script=db HTTP/1.1" 200 300
::1 - - [01/Aug/2025:23:53:41 +0700] "GET /database/?username=root&db=test&dump= HTTP/1.1" 200 7490
::1 - - [01/Aug/2025:23:53:41 +0700] "GET /database/?username=root&db=test&script=db HTTP/1.1" 200 300
::1 - - [01/Aug/2025:23:53:44 +0700] "POST /database/?username=root&db=test&dump= HTTP/1.1" 200 411
::1 - - [01/Aug/2025:23:54:41 +0700] "-" 408 -
::1 - - [02/Aug/2025:09:12:08 +0700] "GET / HTTP/1.1" 200 70207
::1 - - [02/Aug/2025:09:12:09 +0700] "GET /favicon.ico HTTP/1.1" 404 196
::1 - - [02/Aug/2025:09:12:35 +0700] "GET / HTTP/1.1" 200 1071
::1 - - [02/Aug/2025:09:12:38 +0700] "GET /database/ HTTP/1.1" 200 4600
::1 - - [02/Aug/2025:09:12:41 +0700] "POST /database/?script=version HTTP/1.1" 200 -
::1 - - [02/Aug/2025:09:12:43 +0700] "POST /database/ HTTP/1.1" 302 -
::1 - - [02/Aug/2025:09:12:43 +0700] "GET /database/?username=root HTTP/1.1" 200 8618
::1 - - [02/Aug/2025:09:12:48 +0700] "GET /database/?username=root HTTP/1.1" 200 8617
::1 - - [02/Aug/2025:09:13:35 +0700] "-" 408 -
::1 - - [02/Aug/2025:09:30:57 +0700] "GET /database/?username=root HTTP/1.1" 200 8619
::1 - - [02/Aug/2025:09:31:07 +0700] "GET /database/?username=root&sql= HTTP/1.1" 200 5154
::1 - - [02/Aug/2025:09:31:10 +0700] "GET /database/?username=root&import= HTTP/1.1" 200 5105
::1 - - [02/Aug/2025:09:32:07 +0700] "-" 408 -
::1 - - [02/Aug/2025:09:39:37 +0700] "GET /database/ HTTP/1.1" 200 4750
::1 - - [02/Aug/2025:09:39:40 +0700] "GET /database/?username=root&import= HTTP/1.1" 200 5104
::1 - - [02/Aug/2025:09:39:42 +0700] "GET /database/?username=root&sql= HTTP/1.1" 200 5158
::1 - - [02/Aug/2025:09:39:49 +0700] "GET /database/?username=root&sql= HTTP/1.1" 200 5156
::1 - - [02/Aug/2025:09:40:04 +0700] "GET /database/?username=root&db=test&sql= HTTP/1.1" 200 5869
::1 - - [02/Aug/2025:09:40:06 +0700] "GET /database/?username=root&db=test&table=user HTTP/1.1" 200 6189
::1 - - [02/Aug/2025:09:40:11 +0700] "GET /database/?username=root&db=test&table=user HTTP/1.1" 200 6189
::1 - - [02/Aug/2025:09:40:20 +0700] "GET /database/ HTTP/1.1" 200 4749
::1 - - [02/Aug/2025:09:40:24 +0700] "POST /database/ HTTP/1.1" 302 -
::1 - - [02/Aug/2025:09:40:24 +0700] "GET /database/?username= HTTP/1.1" 403 4854
::1 - - [02/Aug/2025:09:40:28 +0700] "POST /database/?username= HTTP/1.1" 302 -
::1 - - [02/Aug/2025:09:40:28 +0700] "GET /database/?username=root HTTP/1.1" 200 8619
::1 - - [02/Aug/2025:09:40:36 +0700] "GET /database/?username=root HTTP/1.1" 200 8619
::1 - - [02/Aug/2025:09:40:36 +0700] "GET /database/?username=root HTTP/1.1" 200 8615
::1 - - [02/Aug/2025:09:40:37 +0700] "GET /database/?username=root HTTP/1.1" 200 8619
::1 - - [02/Aug/2025:09:40:37 +0700] "GET /database/?username=root HTTP/1.1" 200 8619
::1 - - [02/Aug/2025:09:40:37 +0700] "GET /database/?username=root HTTP/1.1" 200 8617
::1 - - [02/Aug/2025:09:40:37 +0700] "GET /database/?username=root HTTP/1.1" 200 8618
::1 - - [02/Aug/2025:09:40:38 +0700] "GET /database/?username=root HTTP/1.1" 200 8619
::1 - - [02/Aug/2025:09:40:38 +0700] "GET /database/?username=root HTTP/1.1" 200 8617
::1 - - [02/Aug/2025:09:40:38 +0700] "GET /database/?username=root HTTP/1.1" 200 8619
::1 - - [02/Aug/2025:09:40:38 +0700] "GET /database/?username=root HTTP/1.1" 200 8620
::1 - - [02/Aug/2025:09:40:38 +0700] "GET /database/?username=root HTTP/1.1" 200 8619
::1 - - [02/Aug/2025:09:40:38 +0700] "GET /database/?username=root HTTP/1.1" 200 8615
::1 - - [02/Aug/2025:09:40:39 +0700] "GET /database/?username=root HTTP/1.1" 200 8618
::1 - - [02/Aug/2025:09:40:39 +0700] "GET /database/?username=root HTTP/1.1" 200 8618
::1 - - [02/Aug/2025:09:40:39 +0700] "GET /database/?username=root HTTP/1.1" 200 8619
::1 - - [02/Aug/2025:09:40:39 +0700] "GET /database/?username=root HTTP/1.1" 200 8619
::1 - - [02/Aug/2025:09:40:39 +0700] "GET /database/?username=root HTTP/1.1" 200 8617
::1 - - [02/Aug/2025:09:40:39 +0700] "GET /database/?username=root HTTP/1.1" 200 8619
::1 - - [02/Aug/2025:09:40:40 +0700] "GET /database/?username=root HTTP/1.1" 200 8619
::1 - - [02/Aug/2025:09:40:40 +0700] "GET /database/?username=root HTTP/1.1" 200 8617
::1 - - [02/Aug/2025:09:40:40 +0700] "GET /database/?username=root HTTP/1.1" 200 8618
::1 - - [02/Aug/2025:09:40:52 +0700] "GET /database/?username=root HTTP/1.1" 200 8619
::1 - - [02/Aug/2025:09:40:52 +0700] "GET /database/?username=root HTTP/1.1" 200 8618
::1 - - [02/Aug/2025:09:40:52 +0700] "GET /database/?username=root HTTP/1.1" 200 8617
::1 - - [02/Aug/2025:09:40:53 +0700] "GET /database/?username=root HTTP/1.1" 200 8618
::1 - - [02/Aug/2025:09:40:53 +0700] "GET /database/?username=root HTTP/1.1" 200 8619
::1 - - [02/Aug/2025:09:41:00 +0700] "GET /database/?username=root&processlist= HTTP/1.1" 200 6667
::1 - - [02/Aug/2025:09:41:03 +0700] "GET /database/?username=root&database= HTTP/1.1" 200 13610
::1 - - [02/Aug/2025:09:41:03 +0700] "GET /database/?file=plus.gif&version=4.7.8 HTTP/1.1" 200 80
::1 - - [02/Aug/2025:09:41:05 +0700] "GET /database/?username=root HTTP/1.1" 200 8618
::1 - - [02/Aug/2025:09:42:00 +0700] "-" 408 -
::1 - - [02/Aug/2025:09:42:28 +0700] "GET /database/?username=root&db=performance_schema HTTP/1.1" 200 199128
::1 - - [02/Aug/2025:09:42:28 +0700] "GET /database/?username=root&db=performance_schema&script=db HTTP/1.1" 200 47432
::1 - - [02/Aug/2025:09:42:31 +0700] "GET /database/?username=root&db=phpmyadmin HTTP/1.1" 200 36522
::1 - - [02/Aug/2025:09:42:31 +0700] "GET /database/?username=root&db=phpmyadmin&script=db HTTP/1.1" 200 6449
::1 - - [02/Aug/2025:09:42:43 +0700] "GET /database/?username=root&db=information_schema HTTP/1.1" 200 71871
::1 - - [02/Aug/2025:09:42:43 +0700] "GET /database/?username=root&db=information_schema&script=db HTTP/1.1" 200 2675
::1 - - [02/Aug/2025:09:43:43 +0700] "-" 408 -
::1 - - [02/Aug/2025:09:43:54 +0700] "GET /database/?username=root HTTP/1.1" 200 9379
::1 - - [02/Aug/2025:09:43:54 +0700] "GET /database/?file=default.css&version=5.2.1 HTTP/1.1" 200 2922
::1 - - [02/Aug/2025:09:43:54 +0700] "GET /database/?file=dark.css&version=5.2.1 HTTP/1.1" 200 757
::1 - - [02/Aug/2025:09:43:55 +0700] "GET /database/?file=logo.png&version=5.2.1 HTTP/1.1" 200 610
::1 - - [02/Aug/2025:09:43:54 +0700] "GET /database/?file=functions.js&version=5.2.1 HTTP/1.1" 200 8592
::1 - - [02/Aug/2025:09:43:55 +0700] "GET /database/?file=jush.js&version=5.2.1 HTTP/1.1" 200 28085
::1 - - [02/Aug/2025:09:44:00 +0700] "GET /database/?username=root HTTP/1.1" 200 9377
::1 - - [02/Aug/2025:09:44:02 +0700] "GET /database/ HTTP/1.1" 200 5293
::1 - - [02/Aug/2025:09:44:07 +0700] "POST /database/ HTTP/1.1" 302 -
::1 - - [02/Aug/2025:09:44:07 +0700] "GET /database/?username=root HTTP/1.1" 200 9379
::1 - - [02/Aug/2025:09:44:11 +0700] "POST /database/?username=root HTTP/1.1" 302 -
::1 - - [02/Aug/2025:09:44:11 +0700] "GET /database/ HTTP/1.1" 200 5312
::1 - - [02/Aug/2025:09:44:22 +0700] "GET /database/ HTTP/1.1" 200 5085
::1 - - [02/Aug/2025:09:44:42 +0700] "POST /database/ HTTP/1.1" 302 -
::1 - - [02/Aug/2025:09:44:42 +0700] "GET /database/?username=root&db=lrv-multikreatif HTTP/1.1" 404 5193
::1 - - [02/Aug/2025:09:44:48 +0700] "GET /database/?username=root&db=lrv_multikreatif HTTP/1.1" 200 35027
::1 - - [02/Aug/2025:09:44:49 +0700] "GET /database/?username=root&db=lrv_multikreatif&script=db HTTP/1.1" 200 4892
::1 - - [02/Aug/2025:09:44:51 +0700] "GET /database/?username=root&db=lrv_multikreatif HTTP/1.1" 200 35027
::1 - - [02/Aug/2025:09:44:51 +0700] "GET /database/?username=root&db=lrv_multikreatif&script=db HTTP/1.1" 200 4892
::1 - - [02/Aug/2025:09:44:52 +0700] "GET /database/?username=root&db=lrv_multikreatif HTTP/1.1" 200 35028
::1 - - [02/Aug/2025:09:44:52 +0700] "GET /database/?username=root&db=lrv_multikreatif&script=db HTTP/1.1" 200 4892
::1 - - [02/Aug/2025:09:45:49 +0700] "-" 408 -
::1 - - [02/Aug/2025:09:46:05 +0700] "POST /database/?username=root&db=lrv_multikreatif HTTP/1.1" 200 35067
::1 - - [02/Aug/2025:09:46:05 +0700] "GET /database/?username=root&db=lrv_multikreatif&script=db HTTP/1.1" 200 4892
::1 - - [02/Aug/2025:09:46:12 +0700] "GET /database/?username=root&db=lrv_multikreatif&view= HTTP/1.1" 200 10790
::1 - - [02/Aug/2025:09:46:18 +0700] "GET /database/?username=root&db=lrv_multikreatif HTTP/1.1" 200 35025
::1 - - [02/Aug/2025:09:46:18 +0700] "GET /database/?username=root&db=lrv_multikreatif&script=db HTTP/1.1" 200 4892
::1 - - [02/Aug/2025:09:47:18 +0700] "-" 408 -
::1 - - [02/Aug/2025:09:47:33 +0700] "GET /database/?username=root&db=lrv_multikreatif&table=barang_keluar HTTP/1.1" 200 12107
::1 - - [02/Aug/2025:09:48:33 +0700] "-" 408 -
::1 - - [02/Aug/2025:09:51:18 +0700] "GET /database/ HTTP/1.1" 200 5337
::1 - - [02/Aug/2025:09:51:22 +0700] "GET /database/editor.php HTTP/1.1" 200 4710
::1 - - [02/Aug/2025:09:51:23 +0700] "GET /database/editor.php?file=default.css&version=5.3.0 HTTP/1.1" 200 2171
::1 - - [02/Aug/2025:09:51:23 +0700] "GET /database/editor.php?file=dark.css&version=5.3.0 HTTP/1.1" 200 645
::1 - - [02/Aug/2025:09:51:23 +0700] "GET /database/editor.php?file=logo.png&version=5.3.0 HTTP/1.1" 200 610
::1 - - [02/Aug/2025:09:51:23 +0700] "GET /database/editor.php?file=functions.js&version=5.3.0 HTTP/1.1" 200 4542
::1 - - [02/Aug/2025:09:51:28 +0700] "GET /database/editor.php?username=root HTTP/1.1" 200 11080
::1 - - [02/Aug/2025:09:51:46 +0700] "GET /database/editor.php?username=root&select=barang_keluar HTTP/1.1" 200 8553
::1 - - [02/Aug/2025:09:52:46 +0700] "-" 408 -
::1 - - [02/Aug/2025:09:54:10 +0700] "GET /database/ HTTP/1.1" 200 5336
::1 - - [02/Aug/2025:09:55:10 +0700] "-" 408 -
::1 - - [02/Aug/2025:09:56:29 +0700] "GET /database/editor.php HTTP/1.1" 200 4710
::1 - - [02/Aug/2025:09:57:29 +0700] "-" 408 -
::1 - - [02/Aug/2025:09:59:13 +0700] "GET /database/?username=root&db=lrv_multikreatif&table=setting HTTP/1.1" 200 12411
::1 - - [02/Aug/2025:09:59:20 +0700] "GET /database/?username=root&db=lrv_multikreatif&edit=setting HTTP/1.1" 200 17724
::1 - - [02/Aug/2025:09:59:54 +0700] "POST /database/?username=root&db=lrv_multikreatif&edit=setting HTTP/1.1" 302 -
::1 - - [02/Aug/2025:09:59:54 +0700] "GET /database/?username=root&db=lrv_multikreatif&select=setting HTTP/1.1" 200 28067
::1 - - [02/Aug/2025:10:00:54 +0700] "-" 408 -
::1 - - [02/Aug/2025:10:02:53 +0700] "GET /database/?username=root&db=lrv_multikreatif&table=users HTTP/1.1" 200 12529
::1 - - [02/Aug/2025:10:02:54 +0700] "GET /database/?username=root&db=lrv_multikreatif&edit=users HTTP/1.1" 200 17045
::1 - - [02/Aug/2025:10:03:13 +0700] "POST /database/?username=root&db=lrv_multikreatif&edit=users HTTP/1.1" 302 -
::1 - - [02/Aug/2025:10:03:13 +0700] "GET /database/?username=root&db=lrv_multikreatif&select=users HTTP/1.1" 200 27256
::1 - - [02/Aug/2025:10:03:18 +0700] "GET /database/?username=root&db=lrv_multikreatif&edit=users HTTP/1.1" 200 17045
::1 - - [02/Aug/2025:10:03:32 +0700] "POST /database/?username=root&db=lrv_multikreatif&edit=users HTTP/1.1" 302 -
::1 - - [02/Aug/2025:10:03:32 +0700] "GET /database/?username=root&db=lrv_multikreatif&select=users HTTP/1.1" 200 28220
::1 - - [02/Aug/2025:10:04:32 +0700] "-" 408 -
::1 - - [02/Aug/2025:10:05:56 +0700] "GET /database/?username=root&db=lrv_multikreatif&table=barang_masuk HTTP/1.1" 200 12195
::1 - - [02/Aug/2025:10:06:13 +0700] "GET /database/?username=root&db=lrv_multikreatif&sql= HTTP/1.1" 200 14533
::1 - - [02/Aug/2025:10:06:17 +0700] "POST /database/?username=root&db=lrv_multikreatif&sql=INSERT%20INTO%20%60kategori_barang%60%20(%60id_kategori%60%2C%20%60nama_kategori%60%2C%20%60created_at%60%2C%20%60updated_at%60)%20VALUES%0A(6%2C%20%27Vynil280%27%2C%20NULL%2C%20NULL)%2C%0A(7%2C%20%27Vynil440%27%2C%20NULL%2C%20NULL)%2C%0A(8%2C%20%27Biaya%20Desain%27%2C%20NULL%2C%20NULL)%2C%0A(9%2C%20%27Print%20Laser%20Art%20Paper%20230gr%20A4%20(%202sisi%20)%27%2C%20NULL%2C%20NULL)%2C%0A(10%2C%20%27Lainnya%27%2C%20NULL%2C%20NULL)%3B HTTP/1.1" 200 16073
::1 - - [02/Aug/2025:10:06:30 +0700] "POST /database/?username=root&db=lrv_multikreatif&sql=INSERT%20INTO%20%60stok_barang%60%20(%60id_barang%60%2C%20%60nama_barang%60%2C%20%60harga_beli%60%2C%20%60harga_jual%60%2C%20%60stok%60%2C%20%60satuan%60%2C%20%60created_at%60%2C%20%60updated_at%60)%20VALUES%0A(1%2C%20%27BESI%20HOLLOW%2050X100%20(1.8)%27%2C%20266000%2C%20277000%2C%201%2C%20%27pcs%27%2C%20NULL%2C%20NULL)%2C%0A(2%2C%20%27BESI%20HOLLOW%2040X80%20(1.6)%27%2C%20273000%2C%20274000%2C%203%2C%20%27pcs%27%2C%20NULL%2C%20NULL)%3B HTTP/1.1" 200 16294
::1 - - [02/Aug/2025:10:06:34 +0700] "GET /database/?username=root&db=lrv_multikreatif&table=keranjang HTTP/1.1" 200 12370
::1 - - [02/Aug/2025:10:06:37 +0700] "GET /database/?username=root&db=lrv_multikreatif&table=order HTTP/1.1" 200 12401
::1 - - [02/Aug/2025:10:06:39 +0700] "GET /database/?username=root&db=lrv_multikreatif&table=transaksi HTTP/1.1" 200 12874
::1 - - [02/Aug/2025:10:06:41 +0700] "GET /database/?username=root&db=lrv_multikreatif&table=barang_masuk HTTP/1.1" 200 12195
::1 - - [02/Aug/2025:10:06:41 +0700] "GET /database/?username=root&db=lrv_multikreatif&table=barang_keluar HTTP/1.1" 200 12106
::1 - - [02/Aug/2025:10:06:43 +0700] "GET /database/?username=root&db=lrv_multikreatif&table=kategori_barang HTTP/1.1" 200 11987
::1 - - [02/Aug/2025:10:06:45 +0700] "GET /database/?username=root&db=lrv_multikreatif&table=keranjang HTTP/1.1" 200 12370
::1 - - [02/Aug/2025:10:06:45 +0700] "GET /database/?username=root&db=lrv_multikreatif&table=kategori_barang HTTP/1.1" 200 11985
::1 - - [02/Aug/2025:10:06:47 +0700] "GET /database/?username=root&db=lrv_multikreatif&table=kategori_barang HTTP/1.1" 200 11986
::1 - - [02/Aug/2025:10:06:47 +0700] "GET /database/?username=root&db=lrv_multikreatif&table=kategori_barang HTTP/1.1" 200 11984
::1 - - [02/Aug/2025:10:06:49 +0700] "GET /database/?username=root&db=lrv_multikreatif&table=kategori_barang HTTP/1.1" 200 11986
::1 - - [02/Aug/2025:10:06:49 +0700] "GET /database/?username=root&db=lrv_multikreatif&table=keranjang HTTP/1.1" 200 12370
::1 - - [02/Aug/2025:10:06:50 +0700] "GET /database/?username=root&db=lrv_multikreatif&table=migrations HTTP/1.1" 200 11811
::1 - - [02/Aug/2025:10:06:51 +0700] "GET /database/?username=root&db=lrv_multikreatif&table=order HTTP/1.1" 200 12401
::1 - - [02/Aug/2025:10:06:51 +0700] "GET /database/?username=root&db=lrv_multikreatif&table=sessions HTTP/1.1" 200 12162
::1 - - [02/Aug/2025:10:06:52 +0700] "GET /database/?username=root&db=lrv_multikreatif&table=keranjang HTTP/1.1" 200 12371
::1 - - [02/Aug/2025:10:06:53 +0700] "GET /database/?username=root&db=lrv_multikreatif&table=kategori_barang HTTP/1.1" 200 11986
::1 - - [02/Aug/2025:10:06:54 +0700] "GET /database/?username=root&db=lrv_multikreatif&table=job_batches HTTP/1.1" 200 12267
::1 - - [02/Aug/2025:10:06:54 +0700] "GET /database/?username=root&db=lrv_multikreatif&table=failed_jobs HTTP/1.1" 200 12237
::1 - - [02/Aug/2025:10:06:55 +0700] "GET /database/?username=root&db=lrv_multikreatif&table=cache_locks HTTP/1.1" 200 11815
::1 - - [02/Aug/2025:10:06:55 +0700] "GET /database/?username=root&db=lrv_multikreatif&table=cache HTTP/1.1" 200 11741
::1 - - [02/Aug/2025:10:06:56 +0700] "GET /database/?username=root&db=lrv_multikreatif&table=barang_masuk HTTP/1.1" 200 12195
::1 - - [02/Aug/2025:10:06:56 +0700] "GET /database/?username=root&db=lrv_multikreatif&table=barang_keluar HTTP/1.1" 200 12107
::1 - - [02/Aug/2025:10:06:56 +0700] "GET /database/?username=root&db=lrv_multikreatif&table=aktivitas_kas HTTP/1.1" 200 12362
::1 - - [02/Aug/2025:10:06:58 +0700] "GET /database/?username=root&db=lrv_multikreatif&table=stok_barang HTTP/1.1" 200 12309
::1 - - [02/Aug/2025:10:07:00 +0700] "GET /database/?username=root&db=lrv_multikreatif&table=stok_barang HTTP/1.1" 200 12310
::1 - - [02/Aug/2025:10:07:01 +0700] "GET /database/?username=root&db=lrv_multikreatif&table=stok_barang HTTP/1.1" 200 12308
::1 - - [02/Aug/2025:10:07:01 +0700] "GET /database/?username=root&db=lrv_multikreatif&table=stok_barang HTTP/1.1" 200 12310
::1 - - [02/Aug/2025:10:07:01 +0700] "GET /database/?username=root&db=lrv_multikreatif&table=stok_barang HTTP/1.1" 200 12310
::1 - - [02/Aug/2025:10:07:02 +0700] "GET /database/?username=root&db=lrv_multikreatif&select=stok_barang HTTP/1.1" 200 25928
::1 - - [02/Aug/2025:10:07:06 +0700] "GET /database/?username=root&db=lrv_multikreatif&select=kategori_barang HTTP/1.1" 200 23736
::1 - - [02/Aug/2025:10:07:30 +0700] "-" 408 -
::1 - - [02/Aug/2025:10:28:47 +0700] "GET /info.php HTTP/1.1" 200 74335
::1 - - [02/Aug/2025:10:29:47 +0700] "-" 408 -
::1 - - [02/Aug/2025:10:34:17 +0700] "GET /database/?username=root&db=lrv_multikreatif&table=barang_keluar HTTP/1.1" 200 12106
::1 - - [02/Aug/2025:10:34:20 +0700] "GET /database/?username=root&db=lrv_multikreatif&select=barang_keluar HTTP/1.1" 200 24091
::1 - - [02/Aug/2025:10:35:17 +0700] "-" 408 -
::1 - - [02/Aug/2025:10:36:11 +0700] "GET /database/?username=root&db=lrv_multikreatif&table=stok_barang HTTP/1.1" 200 12311
::1 - - [02/Aug/2025:10:36:13 +0700] "GET /database/?username=root&db=lrv_multikreatif&select=stok_barang HTTP/1.1" 200 25927
::1 - - [02/Aug/2025:10:37:11 +0700] "-" 408 -
::1 - - [02/Aug/2025:10:40:27 +0700] "GET /database/?username=root&db=lrv_multikreatif&select=barang_keluar HTTP/1.1" 200 24091
::1 - - [02/Aug/2025:11:03:54 +0700] "GET /database/?username=root&db=lrv_multikreatif&select=users HTTP/1.1" 200 27472
::1 - - [02/Aug/2025:11:04:03 +0700] "GET /database/?username=root&db=lrv_multikreatif&dump=users HTTP/1.1" 200 17153
::1 - - [02/Aug/2025:11:04:03 +0700] "GET /database/?username=root&db=lrv_multikreatif&script=db HTTP/1.1" 200 4892
::1 - - [02/Aug/2025:11:04:13 +0700] "POST /database/?username=root&db=lrv_multikreatif&dump=users HTTP/1.1" 200 1460
::1 - - [02/Aug/2025:11:05:13 +0700] "-" 408 -
::1 - - [02/Aug/2025:11:21:56 +0700] "GET /database/?username=root HTTP/1.1" 200 9905
::1 - - [02/Aug/2025:11:22:00 +0700] "GET /database/?username=root&database= HTTP/1.1" 200 14411
::1 - - [02/Aug/2025:11:22:11 +0700] "POST /database/?username=root&database= HTTP/1.1" 302 -
::1 - - [02/Aug/2025:11:22:11 +0700] "GET /database/?username=root&db=lrv_jogjaclan HTTP/1.1" 200 6729
::1 - - [02/Aug/2025:11:22:17 +0700] "GET /database/?username=root&db=lrv_jogjaclan&import= HTTP/1.1" 200 6238
::1 - - [02/Aug/2025:11:22:25 +0700] "POST /database/?username=root&db=lrv_jogjaclan&import= HTTP/1.1" 500 530
::1 - - [02/Aug/2025:11:22:29 +0700] "GET /database/?username=root&db=lrv_jogjaclan&import= HTTP/1.1" 200 6238
::1 - - [02/Aug/2025:11:23:28 +0700] "-" 408 -
::1 - - [02/Aug/2025:11:25:48 +0700] "GET /database/?username=root&db=lrv_jogjaclan&import= HTTP/1.1" 200 16454
::1 - - [02/Aug/2025:11:25:50 +0700] "GET /database/?username=root&db=lrv_jogjaclan&select=about HTTP/1.1" 200 25377
::1 - - [02/Aug/2025:11:26:48 +0700] "-" 408 -
::1 - - [02/Aug/2025:11:28:10 +0700] "-" 408 -
::1 - - [02/Aug/2025:11:30:14 +0700] "GET /database/?username=root&db=lrv_jogjaclan&select=about HTTP/1.1" 200 25377
::1 - - [02/Aug/2025:11:31:14 +0700] "-" 408 -
::1 - - [02/Aug/2025:11:31:22 +0700] "GET /database/?username=root&db=lrv_jogjaclan&select=about HTTP/1.1" 200 25378
::1 - - [02/Aug/2025:11:31:23 +0700] "GET /database/?username=root&db=lrv_jogjaclan&select=about HTTP/1.1" 200 25377
::1 - - [02/Aug/2025:11:31:24 +0700] "GET /database/?username=root&db=lrv_jogjaclan&select=about HTTP/1.1" 200 25377
::1 - - [02/Aug/2025:11:31:27 +0700] "GET /database/?username=root&db= HTTP/1.1" 200 10409
::1 - - [02/Aug/2025:11:31:32 +0700] "GET /database/?username=root&db=lrv_jogjaclan HTTP/1.1" 200 48281
::1 - - [02/Aug/2025:11:31:32 +0700] "GET /database/?username=root&db=lrv_jogjaclan&script=db HTTP/1.1" 200 7796
::1 - - [02/Aug/2025:11:31:36 +0700] "GET /database/?username=root&db=lrv_jogjaclan&table=sessions HTTP/1.1" 200 14724
::1 - - [02/Aug/2025:11:32:32 +0700] "-" 408 -
::1 - - [02/Aug/2025:11:47:37 +0700] "GET /database/?username=root&db=lrv_jogjaclan&table=register_participant HTTP/1.1" 200 16818
::1 - - [02/Aug/2025:11:47:41 +0700] "GET /database/?username=root&db=lrv_jogjaclan&select=register_participant HTTP/1.1" 200 164045
::1 - - [02/Aug/2025:11:48:37 +0700] "-" 408 -
::1 - - [02/Aug/2025:11:56:13 +0700] "GET /database/?username=root&db=lrv_jogjaclan&select=register_participant&columns%5B0%5D%5Bfun%5D=&columns%5B0%5D%5Bcol%5D=&where%5B0%5D%5Bcol%5D=&where%5B0%5D%5Bop%5D=%3D&where%5B0%5D%5Bval%5D=INV-1754048888&where%5B01%5D%5Bcol%5D=&where%5B01%5D%5Bop%5D=%3D&where%5B01%5D%5Bval%5D=&order%5B0%5D=&limit=50&text_length=100 HTTP/1.1" 200 65840
::1 - - [02/Aug/2025:11:57:13 +0700] "-" 408 -
::1 - - [02/Aug/2025:12:03:52 +0700] "GET /database/ HTTP/1.1" 200 5336
::1 - - [02/Aug/2025:12:03:55 +0700] "GET /database/?username=root&db=lrv-multikreatif HTTP/1.1" 404 5214
::1 - - [02/Aug/2025:12:04:18 +0700] "GET /database/?username=root&db=lrv-multikreatif HTTP/1.1" 404 5214
::1 - - [02/Aug/2025:12:04:19 +0700] "POST /database/?username=root&db=lrv-multikreatif HTTP/1.1" 302 -
::1 - - [02/Aug/2025:12:04:19 +0700] "GET /database/ HTTP/1.1" 200 5312
::1 - - [02/Aug/2025:12:04:25 +0700] "POST /database/ HTTP/1.1" 302 -
::1 - - [02/Aug/2025:12:04:25 +0700] "GET /database/?username=root HTTP/1.1" 200 10400
::1 - - [02/Aug/2025:12:04:32 +0700] "GET /database/?username=root&db=lrv_multikreatif HTTP/1.1" 200 35069
::1 - - [02/Aug/2025:12:04:32 +0700] "GET /database/?username=root&db=lrv_multikreatif&script=db HTTP/1.1" 200 4892
::1 - - [02/Aug/2025:12:04:47 +0700] "GET /database/?username=root&db=lrv_multikreatif&privileges= HTTP/1.1" 200 10976
::1 - - [02/Aug/2025:12:04:56 +0700] "GET /database/?username=root&db=lrv_multikreatif HTTP/1.1" 200 35066
::1 - - [02/Aug/2025:12:04:56 +0700] "GET /database/?username=root&db=lrv_multikreatif&script=db HTTP/1.1" 200 4892
::1 - - [02/Aug/2025:12:05:56 +0700] "-" 408 -
::1 - - [02/Aug/2025:12:13:28 +0700] "GET / HTTP/1.1" 304 -
::1 - - [02/Aug/2025:12:13:30 +0700] "GET /database/ HTTP/1.1" 200 5292
::1 - - [02/Aug/2025:12:13:43 +0700] "GET /database/plugin.php HTTP/1.1" 200 -
::1 - - [02/Aug/2025:12:13:56 +0700] "GET /database/adminer-custom.php HTTP/1.1" 200 356
::1 - - [02/Aug/2025:12:14:18 +0700] "GET /database/adminer-custom.php HTTP/1.1" 200 546
::1 - - [02/Aug/2025:12:15:18 +0700] "-" 408 -
::1 - - [02/Aug/2025:12:16:33 +0700] "GET /database/adminer-custom.php HTTP/1.1" 200 747
::1 - - [02/Aug/2025:12:16:51 +0700] "GET /database/adminer-custom.php HTTP/1.1" 404 196
::1 - - [02/Aug/2025:12:16:53 +0700] "GET /database/ HTTP/1.1" 200 422
::1 - - [02/Aug/2025:12:16:55 +0700] "GET /database/adminer.php HTTP/1.1" 200 5359
::1 - - [02/Aug/2025:12:16:55 +0700] "GET /database/adminer.php?file=default.css&version=5.2.1 HTTP/1.1" 200 2922
::1 - - [02/Aug/2025:12:16:55 +0700] "GET /database/adminer.php?file=dark.css&version=5.2.1 HTTP/1.1" 200 757
::1 - - [02/Aug/2025:12:16:56 +0700] "GET /database/adminer.php?file=logo.png&version=5.2.1 HTTP/1.1" 200 610
::1 - - [02/Aug/2025:12:16:55 +0700] "GET /database/adminer.php?file=functions.js&version=5.2.1 HTTP/1.1" 200 8592
::1 - - [02/Aug/2025:12:17:00 +0700] "GET /database/adminer.php?username=root HTTP/1.1" 200 10862
::1 - - [02/Aug/2025:12:17:00 +0700] "GET /database/adminer.php?file=jush.js&version=5.2.1 HTTP/1.1" 200 28085
::1 - - [02/Aug/2025:12:17:01 +0700] "POST /database/adminer.php?username=root HTTP/1.1" 302 -
::1 - - [02/Aug/2025:12:17:01 +0700] "GET /database/adminer.php HTTP/1.1" 200 5367
::1 - - [02/Aug/2025:12:17:05 +0700] "GET /database/ HTTP/1.1" 200 422
::1 - - [02/Aug/2025:12:17:07 +0700] "GET /database/config.php HTTP/1.1" 200 225
::1 - - [02/Aug/2025:12:17:13 +0700] "GET /database/editor.php HTTP/1.1" 200 4508
::1 - - [02/Aug/2025:12:17:17 +0700] "GET /database/foreign-system.php HTTP/1.1" 200 241
::1 - - [02/Aug/2025:12:18:13 +0700] "-" 408 -
::1 - - [02/Aug/2025:12:20:52 +0700] "GET /database/ HTTP/1.1" 200 324
::1 - - [02/Aug/2025:12:20:56 +0700] "GET /database/adminer/ HTTP/1.1" 200 1493
::1 - - [02/Aug/2025:12:21:00 +0700] "GET /database/adminer/adminer/ HTTP/1.1" 200 5361
::1 - - [02/Aug/2025:12:21:00 +0700] "GET /database/adminer/adminer/static/default.css HTTP/1.1" 200 7981
::1 - - [02/Aug/2025:12:21:00 +0700] "GET /database/adminer/adminer/static/functions.js HTTP/1.1" 200 20673
::1 - - [02/Aug/2025:12:21:00 +0700] "GET /database/adminer/adminer/static/dark.css HTTP/1.1" 200 1897
::1 - - [02/Aug/2025:12:21:00 +0700] "GET /database/adminer/externals/jush/jush.css HTTP/1.1" 200 2992
::1 - - [02/Aug/2025:12:21:00 +0700] "GET /database/adminer/externals/jush/jush-dark.css HTTP/1.1" 200 361
::1 - - [02/Aug/2025:12:21:00 +0700] "GET /database/adminer/adminer/static/editing.js HTTP/1.1" 200 22468
::1 - - [02/Aug/2025:12:21:00 +0700] "GET /database/adminer/adminer/static/logo.png HTTP/1.1" 200 587
::1 - - [02/Aug/2025:12:21:06 +0700] "POST /database/adminer/adminer/ HTTP/1.1" 302 -
::1 - - [02/Aug/2025:12:21:06 +0700] "GET /database/adminer/adminer/?username=root HTTP/1.1" 200 11315
::1 - - [02/Aug/2025:12:21:06 +0700] "GET /database/adminer/adminer/static/default.css HTTP/1.1" 304 -
::1 - - [02/Aug/2025:12:21:06 +0700] "GET /database/adminer/adminer/static/dark.css HTTP/1.1" 304 -
::1 - - [02/Aug/2025:12:21:06 +0700] "GET /database/adminer/adminer/static/functions.js HTTP/1.1" 304 -
::1 - - [02/Aug/2025:12:21:06 +0700] "GET /database/adminer/externals/jush/jush-dark.css HTTP/1.1" 304 -
::1 - - [02/Aug/2025:12:21:06 +0700] "GET /database/adminer/externals/jush/jush.css HTTP/1.1" 304 -
::1 - - [02/Aug/2025:12:21:06 +0700] "GET /database/adminer/adminer/static/editing.js HTTP/1.1" 304 -
::1 - - [02/Aug/2025:12:21:06 +0700] "GET /database/adminer/adminer/static/logo.png HTTP/1.1" 304 -
::1 - - [02/Aug/2025:12:21:06 +0700] "GET /database/adminer/externals/jush/modules/jush-txt.js HTTP/1.1" 200 34
::1 - - [02/Aug/2025:12:21:06 +0700] "GET /database/adminer/externals/jush/modules/jush-autocomplete-sql.js HTTP/1.1" 200 5924
::1 - - [02/Aug/2025:12:21:06 +0700] "GET /database/adminer/externals/jush/modules/jush-js.js HTTP/1.1" 200 8006
::1 - - [02/Aug/2025:12:21:06 +0700] "GET /database/adminer/externals/jush/modules/jush-sql.js HTTP/1.1" 200 18626
::1 - - [02/Aug/2025:12:21:06 +0700] "GET /database/adminer/externals/jush/modules/jush-textarea.js HTTP/1.1" 200 10522
::1 - - [02/Aug/2025:12:21:06 +0700] "GET /database/adminer/externals/jush/modules/jush.js HTTP/1.1" 200 20295
::1 - - [02/Aug/2025:12:21:16 +0700] "GET /database/adminer/adminer/?username=root&processlist= HTTP/1.1" 200 8320
::1 - - [02/Aug/2025:12:21:16 +0700] "GET /database/adminer/adminer/static/default.css HTTP/1.1" 304 -
::1 - - [02/Aug/2025:12:21:16 +0700] "GET /database/adminer/adminer/static/functions.js HTTP/1.1" 304 -
::1 - - [02/Aug/2025:12:21:16 +0700] "GET /database/adminer/adminer/static/dark.css HTTP/1.1" 304 -
::1 - - [02/Aug/2025:12:21:17 +0700] "GET /database/adminer/externals/jush/jush.css HTTP/1.1" 304 -
::1 - - [02/Aug/2025:12:21:17 +0700] "GET /database/adminer/externals/jush/jush-dark.css HTTP/1.1" 304 -
::1 - - [02/Aug/2025:12:21:17 +0700] "GET /database/adminer/adminer/static/editing.js HTTP/1.1" 304 -
::1 - - [02/Aug/2025:12:21:17 +0700] "GET /database/adminer/adminer/static/logo.png HTTP/1.1" 304 -
::1 - - [02/Aug/2025:12:21:17 +0700] "GET /database/adminer/externals/jush/modules/jush-txt.js HTTP/1.1" 304 -
::1 - - [02/Aug/2025:12:21:17 +0700] "GET /database/adminer/externals/jush/modules/jush-autocomplete-sql.js HTTP/1.1" 304 -
::1 - - [02/Aug/2025:12:21:17 +0700] "GET /database/adminer/externals/jush/modules/jush-textarea.js HTTP/1.1" 304 -
::1 - - [02/Aug/2025:12:21:17 +0700] "GET /database/adminer/externals/jush/modules/jush.js HTTP/1.1" 304 -
::1 - - [02/Aug/2025:12:21:17 +0700] "GET /database/adminer/externals/jush/modules/jush-js.js HTTP/1.1" 304 -
::1 - - [02/Aug/2025:12:21:17 +0700] "GET /database/adminer/externals/jush/modules/jush-sql.js HTTP/1.1" 304 -
::1 - - [02/Aug/2025:12:21:24 +0700] "POST /database/adminer/adminer/?username=root HTTP/1.1" 302 -
::1 - - [02/Aug/2025:12:21:24 +0700] "GET /database/adminer/adminer/ HTTP/1.1" 200 5589
::1 - - [02/Aug/2025:12:21:24 +0700] "GET /database/adminer/adminer/static/default.css HTTP/1.1" 304 -
::1 - - [02/Aug/2025:12:21:24 +0700] "GET /database/adminer/adminer/static/dark.css HTTP/1.1" 304 -
::1 - - [02/Aug/2025:12:21:24 +0700] "GET /database/adminer/adminer/static/functions.js HTTP/1.1" 304 -
::1 - - [02/Aug/2025:12:21:24 +0700] "GET /database/adminer/externals/jush/jush.css HTTP/1.1" 304 -
::1 - - [02/Aug/2025:12:21:24 +0700] "GET /database/adminer/externals/jush/jush-dark.css HTTP/1.1" 304 -
::1 - - [02/Aug/2025:12:21:30 +0700] "GET /database/adminer/ HTTP/1.1" 200 1493
::1 - - [02/Aug/2025:12:21:34 +0700] "GET /database/adminer/designs/ HTTP/1.1" 200 1423
::1 - - [02/Aug/2025:12:21:37 +0700] "GET /database/adminer/designs/brade/ HTTP/1.1" 200 381
::1 - - [02/Aug/2025:12:21:45 +0700] "GET /database/adminer/adminer/?username=root HTTP/1.1" 403 5367
::1 - - [02/Aug/2025:12:21:45 +0700] "GET /database/adminer/adminer/static/default.css HTTP/1.1" 304 -
::1 - - [02/Aug/2025:12:21:45 +0700] "GET /database/adminer/adminer/static/dark.css HTTP/1.1" 304 -
::1 - - [02/Aug/2025:12:21:45 +0700] "GET /database/adminer/adminer/static/functions.js HTTP/1.1" 304 -
::1 - - [02/Aug/2025:12:21:45 +0700] "GET /database/adminer/adminer/static/editing.js HTTP/1.1" 304 -
::1 - - [02/Aug/2025:12:21:45 +0700] "GET /database/adminer/externals/jush/jush-dark.css HTTP/1.1" 304 -
::1 - - [02/Aug/2025:12:21:45 +0700] "GET /database/adminer/externals/jush/jush.css HTTP/1.1" 304 -
::1 - - [02/Aug/2025:12:21:45 +0700] "GET /database/adminer/adminer/static/logo.png HTTP/1.1" 304 -
::1 - - [02/Aug/2025:12:22:25 +0700] "GET /database/ HTTP/1.1" 200 324
::1 - - [02/Aug/2025:12:22:29 +0700] "GET /database/adminer/ HTTP/1.1" 200 1493
::1 - - [02/Aug/2025:12:22:36 +0700] "GET /database/adminer/compile.php HTTP/1.1" 200 732
::1 - - [02/Aug/2025:12:22:46 +0700] "GET /database/adminer/coverage.php HTTP/1.1" 200 194
::1 - - [02/Aug/2025:12:22:53 +0700] "GET /database/adminer/ HTTP/1.1" 200 1541
::1 - - [02/Aug/2025:12:22:55 +0700] "GET /database/adminer/plugins/ HTTP/1.1" 200 3203
::1 - - [02/Aug/2025:12:22:58 +0700] "GET /database/adminer/plugins/designs.php HTTP/1.1" 200 259
::1 - - [02/Aug/2025:12:23:07 +0700] "GET /database/adminer/ HTTP/1.1" 200 1541
::1 - - [02/Aug/2025:12:23:12 +0700] "GET /database/adminer/designs/ HTTP/1.1" 200 1423
::1 - - [02/Aug/2025:12:23:16 +0700] "GET /database/adminer/designs/adminer-dark/ HTTP/1.1" 200 405
::1 - - [02/Aug/2025:12:23:19 +0700] "GET /database/adminer/designs/adminer-dark/adminer-dark.css HTTP/1.1" 200 88
::1 - - [02/Aug/2025:12:23:24 +0700] "GET /database/adminer/designs/adminer-dark/README.md HTTP/1.1" 200 83
::1 - - [02/Aug/2025:12:23:41 +0700] "GET /database/adminer/designs/bueltge/ HTTP/1.1" 200 385
::1 - - [02/Aug/2025:12:23:42 +0700] "GET /database/adminer/designs/bueltge/README.md HTTP/1.1" 200 93
::1 - - [02/Aug/2025:12:24:12 +0700] "POST /database/adminer/adminer/?username=root HTTP/1.1" 302 -
::1 - - [02/Aug/2025:12:24:12 +0700] "GET /database/adminer/adminer/?username=root HTTP/1.1" 200 11316
::1 - - [02/Aug/2025:12:24:12 +0700] "GET /database/adminer/adminer/static/default.css HTTP/1.1" 304 -
::1 - - [02/Aug/2025:12:24:12 +0700] "GET /database/adminer/adminer/static/dark.css HTTP/1.1" 304 -
::1 - - [02/Aug/2025:12:24:12 +0700] "GET /database/adminer/adminer/static/functions.js HTTP/1.1" 304 -
::1 - - [02/Aug/2025:12:24:12 +0700] "GET /database/adminer/externals/jush/jush.css HTTP/1.1" 304 -
::1 - - [02/Aug/2025:12:24:12 +0700] "GET /database/adminer/adminer/static/editing.js HTTP/1.1" 304 -
::1 - - [02/Aug/2025:12:24:12 +0700] "GET /database/adminer/externals/jush/jush-dark.css HTTP/1.1" 304 -
::1 - - [02/Aug/2025:12:24:12 +0700] "GET /database/adminer/adminer/static/logo.png HTTP/1.1" 304 -
::1 - - [02/Aug/2025:12:24:12 +0700] "GET /database/adminer/externals/jush/modules/jush-autocomplete-sql.js HTTP/1.1" 304 -
::1 - - [02/Aug/2025:12:24:12 +0700] "GET /database/adminer/externals/jush/modules/jush-textarea.js HTTP/1.1" 304 -
::1 - - [02/Aug/2025:12:24:12 +0700] "GET /database/adminer/externals/jush/modules/jush.js HTTP/1.1" 304 -
::1 - - [02/Aug/2025:12:24:12 +0700] "GET /database/adminer/externals/jush/modules/jush-txt.js HTTP/1.1" 304 -
::1 - - [02/Aug/2025:12:24:12 +0700] "GET /database/adminer/externals/jush/modules/jush-js.js HTTP/1.1" 304 -
::1 - - [02/Aug/2025:12:24:12 +0700] "GET /database/adminer/externals/jush/modules/jush-sql.js HTTP/1.1" 304 -
::1 - - [02/Aug/2025:12:24:26 +0700] "GET /database/adminer/adminer/?username=root&db=lrv_jogjaclan HTTP/1.1" 200 49645
::1 - - [02/Aug/2025:12:24:26 +0700] "GET /database/adminer/adminer/?username=root&db=lrv_jogjaclan&script=db HTTP/1.1" 200 7796
::1 - - [02/Aug/2025:12:22:49 +0700] "GET /database/adminer/lang.php HTTP/1.1" 500 142022
::1 - - [02/Aug/2025:12:25:22 +0700] "POST /database/adminer/adminer/?username=root&db=lrv_jogjaclan HTTP/1.1" 302 -
::1 - - [02/Aug/2025:12:25:22 +0700] "GET /database/adminer/adminer/ HTTP/1.1" 200 5597
::1 - - [02/Aug/2025:12:25:22 +0700] "GET /database/adminer/adminer/static/default.css HTTP/1.1" 304 -
::1 - - [02/Aug/2025:12:25:22 +0700] "GET /database/adminer/adminer/static/dark.css HTTP/1.1" 304 -
::1 - - [02/Aug/2025:12:25:22 +0700] "GET /database/adminer/adminer/static/functions.js HTTP/1.1" 304 -
::1 - - [02/Aug/2025:12:25:22 +0700] "GET /database/adminer/externals/jush/jush.css HTTP/1.1" 304 -
::1 - - [02/Aug/2025:12:25:22 +0700] "GET /database/adminer/adminer/static/editing.js HTTP/1.1" 304 -
::1 - - [02/Aug/2025:12:25:22 +0700] "GET /database/adminer/externals/jush/jush-dark.css HTTP/1.1" 304 -
::1 - - [02/Aug/2025:12:25:22 +0700] "GET /database/adminer/adminer/static/logo.png HTTP/1.1" 304 -
::1 - - [02/Aug/2025:12:25:25 +0700] "GET /database/ HTTP/1.1" 200 324
::1 - - [02/Aug/2025:12:25:26 +0700] "GET /database/adminer/ HTTP/1.1" 200 1541
::1 - - [02/Aug/2025:12:25:30 +0700] "GET /database/adminer/adminer.php HTTP/1.1" 200 5205
::1 - - [02/Aug/2025:12:25:30 +0700] "GET /database/adminer/adminer.php?file=default.css&version=5.3.1-dev HTTP/1.1" 200 2974
::1 - - [02/Aug/2025:12:25:30 +0700] "GET /database/adminer/adminer.php?file=dark.css&version=5.3.1-dev HTTP/1.1" 200 757
::1 - - [02/Aug/2025:12:25:30 +0700] "GET /database/adminer/adminer.php?file=logo.png&version=5.3.1-dev HTTP/1.1" 200 610
::1 - - [02/Aug/2025:12:25:30 +0700] "GET /database/adminer/adminer.php?file=functions.js&version=5.3.1-dev HTTP/1.1" 200 8630
::1 - - [02/Aug/2025:12:28:51 +0700] "GET /database/ HTTP/1.1" 200 324
::1 - - [02/Aug/2025:12:28:53 +0700] "GET /database/adminer/ HTTP/1.1" 200 1541
::1 - - [02/Aug/2025:12:28:58 +0700] "GET /database/adminer/plugins/ HTTP/1.1" 200 3203
::1 - - [02/Aug/2025:12:29:01 +0700] "GET /database/adminer/plugins/adminer.js.php HTTP/1.1" 200 267
::1 - - [02/Aug/2025:12:29:04 +0700] "GET /database/adminer/plugins/backward-keys.php HTTP/1.1" 200 271
::1 - - [02/Aug/2025:12:29:05 +0700] "GET /database/adminer/plugins/before-unload.php HTTP/1.1" 200 271
::1 - - [02/Aug/2025:12:29:07 +0700] "GET /database/adminer/plugins/config.php HTTP/1.1" 200 257
::1 - - [02/Aug/2025:12:29:09 +0700] "GET /database/adminer/plugins/drivers/ HTTP/1.1" 200 625
::1 - - [02/Aug/2025:12:29:14 +0700] "GET /database/adminer/plugins/editor-views.php HTTP/1.1" 200 269
::1 - - [02/Aug/2025:12:29:34 +0700] "GET /database/adminer/editor/ HTTP/1.1" 200 4537
::1 - - [02/Aug/2025:12:29:34 +0700] "GET /database/adminer/adminer/static/default.css HTTP/1.1" 304 -
::1 - - [02/Aug/2025:12:29:34 +0700] "GET /database/adminer/adminer/static/dark.css HTTP/1.1" 304 -
::1 - - [02/Aug/2025:12:29:34 +0700] "GET /database/adminer/adminer/static/functions.js HTTP/1.1" 304 -
::1 - - [02/Aug/2025:12:29:34 +0700] "GET /database/adminer/editor/static/editing.js HTTP/1.1" 200 1623
::1 - - [02/Aug/2025:12:29:34 +0700] "GET /database/adminer/adminer/static/logo.png HTTP/1.1" 304 -
::1 - - [02/Aug/2025:12:29:43 +0700] "POST /database/adminer/editor/ HTTP/1.1" 302 -
::1 - - [02/Aug/2025:12:29:43 +0700] "GET /database/adminer/editor/?username=root HTTP/1.1" 200 13818
::1 - - [02/Aug/2025:12:30:07 +0700] "POST /database/adminer/editor/?username=root HTTP/1.1" 302 -
::1 - - [02/Aug/2025:12:30:07 +0700] "GET /database/adminer/editor/ HTTP/1.1" 200 4762
::1 - - [02/Aug/2025:12:30:17 +0700] "GET /database/adminer/externals/ HTTP/1.1" 200 399
::1 - - [02/Aug/2025:12:30:21 +0700] "GET /database/adminer/externals/JsShrink/ HTTP/1.1" 200 615
::1 - - [02/Aug/2025:12:30:27 +0700] "GET /database/adminer/phpstan.neon HTTP/1.1" 200 4098
::1 - - [02/Aug/2025:12:30:35 +0700] "GET /database/adminer/ HTTP/1.1" 200 1541
::1 - - [02/Aug/2025:12:30:45 +0700] "GET /database/adminer/designs/ HTTP/1.1" 200 1423
::1 - - [02/Aug/2025:12:30:47 +0700] "GET /database/adminer/designs/README.md HTTP/1.1" 200 290
::1 - - [02/Aug/2025:12:30:49 +0700] "GET /database/adminer/designs/brade/ HTTP/1.1" 200 381
::1 - - [02/Aug/2025:12:30:30 +0700] "GET /database/adminer/lang.php HTTP/1.1" 500 125235
::1 - - [02/Aug/2025:12:30:51 +0700] "GET /database/adminer/designs/brade/README.md HTTP/1.1" 200 91
::1 - - [02/Aug/2025:12:30:53 +0700] "GET /database/adminer/designs/brade/adminer.css HTTP/1.1" 200 3864
::1 - - [02/Aug/2025:12:30:58 +0700] "GET /database/adminer/designs/paranoiq/ HTTP/1.1" 200 387
::1 - - [02/Aug/2025:12:31:00 +0700] "GET /database/adminer/designs/paranoiq/adminer.css HTTP/1.1" 200 7930
::1 - - [02/Aug/2025:12:31:03 +0700] "GET /database/adminer/designs/paranoiq/README.md HTTP/1.1" 200 94
::1 - - [02/Aug/2025:12:31:15 +0700] "GET /database/adminer/designs/dracula/ HTTP/1.1" 200 395
::1 - - [02/Aug/2025:12:31:17 +0700] "GET /database/adminer/designs/dracula/README.md HTTP/1.1" 200 93
::1 - - [02/Aug/2025:12:32:16 +0700] "-" 408 -
::1 - - [02/Aug/2025:12:39:04 +0700] "GET /database/ HTTP/1.1" 200 5104
::1 - - [02/Aug/2025:12:39:04 +0700] "GET /database/adminer-dark.css?v=2795939238 HTTP/1.1" 200 13744
::1 - - [02/Aug/2025:12:39:14 +0700] "POST /database/ HTTP/1.1" 302 -
::1 - - [02/Aug/2025:12:39:14 +0700] "GET /database/?username=root HTTP/1.1" 200 10419
::1 - - [02/Aug/2025:12:39:21 +0700] "GET /database/?username=root&db=lrv_multikreatif HTTP/1.1" 200 35086
::1 - - [02/Aug/2025:12:39:21 +0700] "GET /database/?username=root&db=lrv_multikreatif&script=db HTTP/1.1" 200 4892
::1 - - [02/Aug/2025:12:40:21 +0700] "-" 408 -
::1 - - [02/Aug/2025:18:24:01 +0700] "GET / HTTP/1.1" 200 1071
::1 - - [02/Aug/2025:18:25:07 +0700] "GET / HTTP/1.1" 200 1071
::1 - - [02/Aug/2025:20:24:10 +0700] "GET / HTTP/1.1" 304 -
::1 - - [02/Aug/2025:20:24:10 +0700] "GET /favicon.ico HTTP/1.1" 404 196
::1 - - [02/Aug/2025:20:24:28 +0700] "GET / HTTP/1.1" 304 -
::1 - - [02/Aug/2025:20:24:30 +0700] "GET / HTTP/1.1" 304 -
::1 - - [02/Aug/2025:20:24:34 +0700] "GET /database/ HTTP/1.1" 200 5162
::1 - - [02/Aug/2025:20:24:35 +0700] "GET /database/adminer-dark.css?v=2795939238 HTTP/1.1" 200 13744
::1 - - [02/Aug/2025:20:24:37 +0700] "POST /database/?script=version HTTP/1.1" 200 -
::1 - - [02/Aug/2025:20:24:53 +0700] "GET /database/ HTTP/1.1" 200 5104
::1 - - [02/Aug/2025:20:24:57 +0700] "POST /database/ HTTP/1.1" 302 -
::1 - - [02/Aug/2025:20:24:57 +0700] "GET /database/?username=root HTTP/1.1" 403 5216
::1 - - [02/Aug/2025:20:25:01 +0700] "POST /database/?username=root HTTP/1.1" 302 -
::1 - - [02/Aug/2025:20:25:01 +0700] "GET /database/?username=root HTTP/1.1" 403 5217
::1 - - [02/Aug/2025:20:25:41 +0700] "POST /database/?username=root HTTP/1.1" 302 -
::1 - - [02/Aug/2025:20:25:41 +0700] "GET /database/?username=root HTTP/1.1" 403 5236
::1 - - [02/Aug/2025:20:26:41 +0700] "-" 408 -
::1 - - [02/Aug/2025:20:41:17 +0700] "POST /database/?username=root HTTP/1.1" 302 -
::1 - - [02/Aug/2025:20:41:17 +0700] "GET /database/?username=root HTTP/1.1" 200 8525
::1 - - [02/Aug/2025:20:41:23 +0700] "GET /database/?username=root HTTP/1.1" 200 8525
::1 - - [02/Aug/2025:20:41:25 +0700] "POST /database/?username=root HTTP/1.1" 302 -
::1 - - [02/Aug/2025:20:41:25 +0700] "GET /database/ HTTP/1.1" 200 5330
::1 - - [02/Aug/2025:20:41:35 +0700] "GET /database/ HTTP/1.1" 200 5104
::1 - - [02/Aug/2025:20:42:35 +0700] "-" 408 -
::1 - - [02/Aug/2025:22:33:14 +0700] "GET /database/ HTTP/1.1" 200 5104
::1 - - [02/Aug/2025:22:33:15 +0700] "GET /database/adminer-dark.css?v=2795939238 HTTP/1.1" 304 -
::1 - - [02/Aug/2025:22:33:19 +0700] "POST /database/ HTTP/1.1" 302 -
::1 - - [02/Aug/2025:22:33:19 +0700] "GET /database/?username=root HTTP/1.1" 200 9031
::1 - - [02/Aug/2025:22:33:22 +0700] "GET /database/?username=root&db=lrv_billdomain HTTP/1.1" 200 24257
::1 - - [02/Aug/2025:22:33:22 +0700] "GET /database/?username=root&db=lrv_billdomain&script=db HTTP/1.1" 200 2705
::1 - - [02/Aug/2025:22:33:27 +0700] "GET /database/?username=root&db=lrv_billdomain HTTP/1.1" 200 24257
::1 - - [02/Aug/2025:22:33:27 +0700] "GET /database/?username=root&db=lrv_billdomain&script=db HTTP/1.1" 200 2705
::1 - - [02/Aug/2025:22:33:39 +0700] "GET /database/?username=root&db=lrv_billdomain&table=domains HTTP/1.1" 200 10133
::1 - - [02/Aug/2025:22:33:41 +0700] "GET /database/?username=root&db=lrv_billdomain&select=domains HTTP/1.1" 200 22676
::1 - - [02/Aug/2025:22:34:39 +0700] "-" 408 -
::1 - - [02/Aug/2025:22:36:19 +0700] "-" 408 -
::1 - - [03/Aug/2025:17:01:33 +0700] "GET / HTTP/1.1" 304 -
::1 - - [03/Aug/2025:17:01:39 +0700] "GET /favicon.ico HTTP/1.1" 404 196
